This file contains any messages produced by compilers while
running configure, to aid debugging if configure makes a mistake.

It was created by ShaderExamples configure 0.1, which was
generated by GNU Autoconf 2.69.  Invocation command line was

  $ /home/nathan/glex/configure 

## --------- ##
## Platform. ##
## --------- ##

hostname = localhost.localdomain
uname -m = x86_64
uname -r = 3.17.8-200.fc20.x86_64
uname -s = Linux
uname -v = #1 SMP Thu Jan 8 23:26:57 UTC 2015

/usr/bin/uname -p = x86_64
/bin/uname -X     = unknown

/bin/arch              = x86_64
/usr/bin/arch -k       = unknown
/usr/convex/getsysinfo = unknown
/usr/bin/hostinfo      = unknown
/bin/machine           = unknown
/usr/bin/oslevel       = unknown
/bin/universe          = unknown

PATH: /opt/rh/eclipse-luna/root/usr/bin
PATH: /usr/lib64/qt-3.3/bin
PATH: /usr/local/bin
PATH: /usr/bin
PATH: /bin
PATH: /usr/local/sbin
PATH: /usr/sbin
PATH: /home/nathan/.local/bin
PATH: /home/nathan/bin


## ----------- ##
## Core tests. ##
## ----------- ##

configure:2422: checking for a BSD-compatible install
configure:2490: result: /usr/bin/install -c
configure:2501: checking whether build environment is sane
configure:2556: result: yes
configure:2707: checking for a thread-safe mkdir -p
configure:2746: result: /usr/bin/mkdir -p
configure:2753: checking for gawk
configure:2769: found /usr/bin/gawk
configure:2780: result: gawk
configure:2791: checking whether make sets $(MAKE)
configure:2813: result: yes
configure:2842: checking whether make supports nested variables
configure:2859: result: yes
configure:2976: checking build system type
configure:2990: result: x86_64-unknown-linux-gnu
configure:3010: checking host system type
configure:3023: result: x86_64-unknown-linux-gnu
configure:3064: checking how to print strings
configure:3091: result: printf
configure:3124: checking for style of include used by make
configure:3152: result: GNU
configure:3223: checking for gcc
configure:3239: found /usr/bin/gcc
configure:3250: result: gcc
configure:3479: checking for C compiler version
configure:3488: gcc --version >&5
gcc (GCC) 4.8.3 20140911 (Red Hat 4.8.3-7)
Copyright (C) 2013 Free Software Foundation, Inc.
This is free software; see the source for copying conditions.  There is NO
warranty; not even for MERCHANTABILITY or FITNESS FOR A PARTICULAR PURPOSE.

configure:3499: $? = 0
configure:3488: gcc -v >&5
Using built-in specs.
COLLECT_GCC=gcc
COLLECT_LTO_WRAPPER=/usr/libexec/gcc/x86_64-redhat-linux/4.8.3/lto-wrapper
Target: x86_64-redhat-linux
Configured with: ../configure --prefix=/usr --mandir=/usr/share/man --infodir=/usr/share/info --with-bugurl=http://bugzilla.redhat.com/bugzilla --enable-bootstrap --enable-shared --enable-threads=posix --enable-checking=release --with-system-zlib --enable-__cxa_atexit --disable-libunwind-exceptions --enable-gnu-unique-object --enable-linker-build-id --with-linker-hash-style=gnu --enable-languages=c,c++,objc,obj-c++,java,fortran,ada,go,lto --enable-plugin --enable-initfini-array --enable-java-awt=gtk --disable-dssi --with-java-home=/usr/lib/jvm/java-1.5.0-gcj-1.5.0.0/jre --enable-libgcj-multifile --enable-java-maintainer-mode --with-ecj-jar=/usr/share/java/eclipse-ecj.jar --disable-libjava-multilib --with-isl=/builddir/build/BUILD/gcc-4.8.3-20140911/obj-x86_64-redhat-linux/isl-install --with-cloog=/builddir/build/BUILD/gcc-4.8.3-20140911/obj-x86_64-redhat-linux/cloog-install --with-tune=generic --with-arch_32=i686 --build=x86_64-redhat-linux
Thread model: posix
gcc version 4.8.3 20140911 (Red Hat 4.8.3-7) (GCC) 
configure:3499: $? = 0
configure:3488: gcc -V >&5
gcc: error: unrecognized command line option '-V'
gcc: fatal error: no input files
compilation terminated.
configure:3499: $? = 4
configure:3488: gcc -qversion >&5
gcc: error: unrecognized command line option '-qversion'
gcc: fatal error: no input files
compilation terminated.
configure:3499: $? = 4
configure:3519: checking whether the C compiler works
configure:3541: gcc    conftest.c  >&5
configure:3545: $? = 0
configure:3593: result: yes
configure:3596: checking for C compiler default output file name
configure:3598: result: a.out
configure:3604: checking for suffix of executables
configure:3611: gcc -o conftest    conftest.c  >&5
configure:3615: $? = 0
configure:3637: result: 
configure:3659: checking whether we are cross compiling
configure:3667: gcc -o conftest    conftest.c  >&5
configure:3671: $? = 0
configure:3678: ./conftest
configure:3682: $? = 0
configure:3697: result: no
configure:3702: checking for suffix of object files
configure:3724: gcc -c   conftest.c >&5
configure:3728: $? = 0
configure:3749: result: o
configure:3753: checking whether we are using the GNU C compiler
configure:3772: gcc -c   conftest.c >&5
configure:3772: $? = 0
configure:3781: result: yes
configure:3790: checking whether gcc accepts -g
configure:3810: gcc -c -g  conftest.c >&5
configure:3810: $? = 0
configure:3851: result: yes
configure:3868: checking for gcc option to accept ISO C89
configure:3931: gcc  -c -g -O2  conftest.c >&5
configure:3931: $? = 0
configure:3944: result: none needed
configure:3966: checking dependency style of gcc
configure:4077: result: gcc3
configure:4092: checking for a sed that does not truncate output
configure:4156: result: /usr/bin/sed
configure:4174: checking for grep that handles long lines and -e
configure:4232: result: /usr/bin/grep
configure:4237: checking for egrep
configure:4299: result: /usr/bin/grep -E
configure:4304: checking for fgrep
configure:4366: result: /usr/bin/grep -F
configure:4401: checking for ld used by gcc
configure:4468: result: /usr/bin/ld
configure:4475: checking if the linker (/usr/bin/ld) is GNU ld
configure:4490: result: yes
configure:4502: checking for BSD- or MS-compatible name lister (nm)
configure:4551: result: /usr/bin/nm -B
configure:4681: checking the name lister (/usr/bin/nm -B) interface
configure:4688: gcc -c -g -O2  conftest.c >&5
configure:4691: /usr/bin/nm -B "conftest.o"
configure:4694: output
0000000000000000 B some_variable
configure:4701: result: BSD nm
configure:4704: checking whether ln -s works
configure:4708: result: yes
configure:4716: checking the maximum length of command line arguments
configure:4846: result: 1572864
configure:4863: checking whether the shell understands some XSI constructs
configure:4873: result: yes
configure:4877: checking whether the shell understands "+="
configure:4883: result: yes
configure:4918: checking how to convert x86_64-unknown-linux-gnu file names to x86_64-unknown-linux-gnu format
configure:4958: result: func_convert_file_noop
configure:4965: checking how to convert x86_64-unknown-linux-gnu file names to toolchain format
configure:4985: result: func_convert_file_noop
configure:4992: checking for /usr/bin/ld option to reload object files
configure:4999: result: -r
configure:5073: checking for objdump
configure:5089: found /usr/bin/objdump
configure:5100: result: objdump
configure:5132: checking how to recognize dependent libraries
configure:5334: result: pass_all
configure:5419: checking for dlltool
configure:5449: result: no
configure:5479: checking how to associate runtime and link libraries
configure:5506: result: printf %s\n
configure:5567: checking for ar
configure:5583: found /usr/bin/ar
configure:5594: result: ar
configure:5631: checking for archiver @FILE support
configure:5648: gcc -c -g -O2  conftest.c >&5
configure:5648: $? = 0
configure:5651: ar cru libconftest.a @conftest.lst >&5
configure:5654: $? = 0
configure:5659: ar cru libconftest.a @conftest.lst >&5
ar: conftest.o: No such file or directory
configure:5662: $? = 1
configure:5674: result: @
configure:5732: checking for strip
configure:5748: found /usr/bin/strip
configure:5759: result: strip
configure:5831: checking for ranlib
configure:5847: found /usr/bin/ranlib
configure:5858: result: ranlib
configure:5960: checking command to parse /usr/bin/nm -B output from gcc object
configure:6080: gcc -c -g -O2  conftest.c >&5
configure:6083: $? = 0
configure:6087: /usr/bin/nm -B conftest.o \| sed -n -e 's/^.*[ ]\([ABCDGIRSTW][ABCDGIRSTW]*\)[ ][ ]*\([_A-Za-z][_A-Za-z0-9]*\)$/\1 \2 \2/p' | sed '/ __gnu_lto/d' \> conftest.nm
configure:6090: $? = 0
configure:6156: gcc -o conftest -g -O2   conftest.c conftstm.o >&5
configure:6159: $? = 0
configure:6197: result: ok
configure:6234: checking for sysroot
configure:6264: result: no
configure:6341: gcc -c -g -O2  conftest.c >&5
configure:6344: $? = 0
configure:6526: checking for mt
configure:6556: result: no
configure:6576: checking if : is a manifest tool
configure:6582: : '-?'
configure:6590: result: no
configure:7232: checking how to run the C preprocessor
configure:7263: gcc -E  conftest.c
configure:7263: $? = 0
configure:7277: gcc -E  conftest.c
conftest.c:11:28: fatal error: ac_nonexistent.h: No such file or directory
 #include <ac_nonexistent.h>
                            ^
compilation terminated.
configure:7277: $? = 1
configure: failed program was:
| /* confdefs.h */
| #define PACKAGE_NAME "ShaderExamples"
| #define PACKAGE_TARNAME "shaderexamples"
| #define PACKAGE_VERSION "0.1"
| #define PACKAGE_STRING "ShaderExamples 0.1"
| #define PACKAGE_BUGREPORT ""
| #define PACKAGE_URL ""
| #define PACKAGE "shaderexamples"
| #define VERSION "0.1"
| /* end confdefs.h.  */
| #include <ac_nonexistent.h>
configure:7302: result: gcc -E
configure:7322: gcc -E  conftest.c
configure:7322: $? = 0
configure:7336: gcc -E  conftest.c
conftest.c:11:28: fatal error: ac_nonexistent.h: No such file or directory
 #include <ac_nonexistent.h>
                            ^
compilation terminated.
configure:7336: $? = 1
configure: failed program was:
| /* confdefs.h */
| #define PACKAGE_NAME "ShaderExamples"
| #define PACKAGE_TARNAME "shaderexamples"
| #define PACKAGE_VERSION "0.1"
| #define PACKAGE_STRING "ShaderExamples 0.1"
| #define PACKAGE_BUGREPORT ""
| #define PACKAGE_URL ""
| #define PACKAGE "shaderexamples"
| #define VERSION "0.1"
| /* end confdefs.h.  */
| #include <ac_nonexistent.h>
configure:7365: checking for ANSI C header files
configure:7385: gcc -c -g -O2  conftest.c >&5
configure:7385: $? = 0
configure:7458: gcc -o conftest -g -O2   conftest.c  >&5
configure:7458: $? = 0
configure:7458: ./conftest
configure:7458: $? = 0
configure:7469: result: yes
configure:7482: checking for sys/types.h
configure:7482: gcc -c -g -O2  conftest.c >&5
configure:7482: $? = 0
configure:7482: result: yes
configure:7482: checking for sys/stat.h
configure:7482: gcc -c -g -O2  conftest.c >&5
configure:7482: $? = 0
configure:7482: result: yes
configure:7482: checking for stdlib.h
configure:7482: gcc -c -g -O2  conftest.c >&5
configure:7482: $? = 0
configure:7482: result: yes
configure:7482: checking for string.h
configure:7482: gcc -c -g -O2  conftest.c >&5
configure:7482: $? = 0
configure:7482: result: yes
configure:7482: checking for memory.h
configure:7482: gcc -c -g -O2  conftest.c >&5
configure:7482: $? = 0
configure:7482: result: yes
configure:7482: checking for strings.h
configure:7482: gcc -c -g -O2  conftest.c >&5
configure:7482: $? = 0
configure:7482: result: yes
configure:7482: checking for inttypes.h
configure:7482: gcc -c -g -O2  conftest.c >&5
configure:7482: $? = 0
configure:7482: result: yes
configure:7482: checking for stdint.h
configure:7482: gcc -c -g -O2  conftest.c >&5
configure:7482: $? = 0
configure:7482: result: yes
configure:7482: checking for unistd.h
configure:7482: gcc -c -g -O2  conftest.c >&5
configure:7482: $? = 0
configure:7482: result: yes
configure:7496: checking for dlfcn.h
configure:7496: gcc -c -g -O2  conftest.c >&5
configure:7496: $? = 0
configure:7496: result: yes
configure:7702: checking for objdir
configure:7717: result: .libs
configure:7988: checking if gcc supports -fno-rtti -fno-exceptions
configure:8006: gcc -c -g -O2  -fno-rtti -fno-exceptions conftest.c >&5
cc1: warning: command line option '-fno-rtti' is valid for C++/ObjC++ but not for C [enabled by default]
configure:8010: $? = 0
configure:8023: result: no
configure:8350: checking for gcc option to produce PIC
configure:8357: result: -fPIC -DPIC
configure:8365: checking if gcc PIC flag -fPIC -DPIC works
configure:8383: gcc -c -g -O2  -fPIC -DPIC -DPIC conftest.c >&5
configure:8387: $? = 0
configure:8400: result: yes
configure:8429: checking if gcc static flag -static works
configure:8457: result: no
configure:8472: checking if gcc supports -c -o file.o
configure:8493: gcc -c -g -O2  -o out/conftest2.o conftest.c >&5
configure:8497: $? = 0
configure:8519: result: yes
configure:8527: checking if gcc supports -c -o file.o
configure:8574: result: yes
configure:8607: checking whether the gcc linker (/usr/bin/ld -m elf_x86_64) supports shared libraries
configure:9760: result: yes
configure:9797: checking whether -lc should be explicitly linked in
configure:9805: gcc -c -g -O2  conftest.c >&5
configure:9808: $? = 0
configure:9823: gcc -shared  -fPIC -DPIC conftest.o  -v -Wl,-soname -Wl,conftest -o conftest 2\>\&1 \| /usr/bin/grep  -lc  \>/dev/null 2\>\&1
configure:9826: $? = 0
configure:9840: result: no
configure:10000: checking dynamic linker characteristics
configure:10511: gcc -o conftest -g -O2   -Wl,-rpath -Wl,/foo conftest.c  >&5
configure:10511: $? = 0
configure:10737: result: GNU/Linux ld.so
configure:10844: checking how to hardcode library paths into programs
configure:10869: result: immediate
configure:11409: checking whether stripping libraries is possible
configure:11414: result: yes
configure:11449: checking if libtool supports shared libraries
configure:11451: result: yes
configure:11454: checking whether to build shared libraries
configure:11475: result: yes
configure:11478: checking whether to build static libraries
configure:11482: result: yes
configure:11577: checking for g++
configure:11593: found /usr/bin/g++
configure:11604: result: g++
configure:11631: checking for C++ compiler version
configure:11640: g++ --version >&5
g++ (GCC) 4.8.3 20140911 (Red Hat 4.8.3-7)
Copyright (C) 2013 Free Software Foundation, Inc.
This is free software; see the source for copying conditions.  There is NO
warranty; not even for MERCHANTABILITY or FITNESS FOR A PARTICULAR PURPOSE.

configure:11651: $? = 0
configure:11640: g++ -v >&5
Using built-in specs.
COLLECT_GCC=g++
COLLECT_LTO_WRAPPER=/usr/libexec/gcc/x86_64-redhat-linux/4.8.3/lto-wrapper
Target: x86_64-redhat-linux
Configured with: ../configure --prefix=/usr --mandir=/usr/share/man --infodir=/usr/share/info --with-bugurl=http://bugzilla.redhat.com/bugzilla --enable-bootstrap --enable-shared --enable-threads=posix --enable-checking=release --with-system-zlib --enable-__cxa_atexit --disable-libunwind-exceptions --enable-gnu-unique-object --enable-linker-build-id --with-linker-hash-style=gnu --enable-languages=c,c++,objc,obj-c++,java,fortran,ada,go,lto --enable-plugin --enable-initfini-array --enable-java-awt=gtk --disable-dssi --with-java-home=/usr/lib/jvm/java-1.5.0-gcj-1.5.0.0/jre --enable-libgcj-multifile --enable-java-maintainer-mode --with-ecj-jar=/usr/share/java/eclipse-ecj.jar --disable-libjava-multilib --with-isl=/builddir/build/BUILD/gcc-4.8.3-20140911/obj-x86_64-redhat-linux/isl-install --with-cloog=/builddir/build/BUILD/gcc-4.8.3-20140911/obj-x86_64-redhat-linux/cloog-install --with-tune=generic --with-arch_32=i686 --build=x86_64-redhat-linux
Thread model: posix
gcc version 4.8.3 20140911 (Red Hat 4.8.3-7) (GCC) 
configure:11651: $? = 0
configure:11640: g++ -V >&5
g++: error: unrecognized command line option '-V'
g++: fatal error: no input files
compilation terminated.
configure:11651: $? = 4
configure:11640: g++ -qversion >&5
g++: error: unrecognized command line option '-qversion'
g++: fatal error: no input files
compilation terminated.
configure:11651: $? = 4
configure:11655: checking whether we are using the GNU C++ compiler
configure:11674: g++ -c   conftest.cpp >&5
configure:11674: $? = 0
configure:11683: result: yes
configure:11692: checking whether g++ accepts -g
configure:11712: g++ -c -g  conftest.cpp >&5
configure:11712: $? = 0
configure:11753: result: yes
configure:11778: checking dependency style of g++
configure:11889: result: gcc3
configure:11922: checking how to run the C++ preprocessor
configure:11949: g++ -E  conftest.cpp
configure:11949: $? = 0
configure:11963: g++ -E  conftest.cpp
conftest.cpp:23:28: fatal error: ac_nonexistent.h: No such file or directory
 #include <ac_nonexistent.h>
                            ^
compilation terminated.
configure:11963: $? = 1
configure: failed program was:
| /* confdefs.h */
| #define PACKAGE_NAME "ShaderExamples"
| #define PACKAGE_TARNAME "shaderexamples"
| #define PACKAGE_VERSION "0.1"
| #define PACKAGE_STRING "ShaderExamples 0.1"
| #define PACKAGE_BUGREPORT ""
| #define PACKAGE_URL ""
| #define PACKAGE "shaderexamples"
| #define VERSION "0.1"
| #define STDC_HEADERS 1
| #define HAVE_SYS_TYPES_H 1
| #define HAVE_SYS_STAT_H 1
| #define HAVE_STDLIB_H 1
| #define HAVE_STRING_H 1
| #define HAVE_MEMORY_H 1
| #define HAVE_STRINGS_H 1
| #define HAVE_INTTYPES_H 1
| #define HAVE_STDINT_H 1
| #define HAVE_UNISTD_H 1
| #define HAVE_DLFCN_H 1
| #define LT_OBJDIR ".libs/"
| /* end confdefs.h.  */
| #include <ac_nonexistent.h>
configure:11988: result: g++ -E
configure:12008: g++ -E  conftest.cpp
configure:12008: $? = 0
configure:12022: g++ -E  conftest.cpp
conftest.cpp:23:28: fatal error: ac_nonexistent.h: No such file or directory
 #include <ac_nonexistent.h>
                            ^
compilation terminated.
configure:12022: $? = 1
configure: failed program was:
| /* confdefs.h */
| #define PACKAGE_NAME "ShaderExamples"
| #define PACKAGE_TARNAME "shaderexamples"
| #define PACKAGE_VERSION "0.1"
| #define PACKAGE_STRING "ShaderExamples 0.1"
| #define PACKAGE_BUGREPORT ""
| #define PACKAGE_URL ""
| #define PACKAGE "shaderexamples"
| #define VERSION "0.1"
| #define STDC_HEADERS 1
| #define HAVE_SYS_TYPES_H 1
| #define HAVE_SYS_STAT_H 1
| #define HAVE_STDLIB_H 1
| #define HAVE_STRING_H 1
| #define HAVE_MEMORY_H 1
| #define HAVE_STRINGS_H 1
| #define HAVE_INTTYPES_H 1
| #define HAVE_STDINT_H 1
| #define HAVE_UNISTD_H 1
| #define HAVE_DLFCN_H 1
| #define LT_OBJDIR ".libs/"
| /* end confdefs.h.  */
| #include <ac_nonexistent.h>
configure:12191: checking for ld used by g++
configure:12258: result: /usr/bin/ld -m elf_x86_64
configure:12265: checking if the linker (/usr/bin/ld -m elf_x86_64) is GNU ld
configure:12280: result: yes
configure:12335: checking whether the g++ linker (/usr/bin/ld -m elf_x86_64) supports shared libraries
configure:13340: result: yes
configure:13376: g++ -c -g -O2  conftest.cpp >&5
configure:13379: $? = 0
configure:13899: checking for g++ option to produce PIC
configure:13906: result: -fPIC -DPIC
configure:13914: checking if g++ PIC flag -fPIC -DPIC works
configure:13932: g++ -c -g -O2  -fPIC -DPIC -DPIC conftest.cpp >&5
configure:13936: $? = 0
configure:13949: result: yes
configure:13972: checking if g++ static flag -static works
configure:14000: result: no
configure:14012: checking if g++ supports -c -o file.o
configure:14033: g++ -c -g -O2  -o out/conftest2.o conftest.cpp >&5
configure:14037: $? = 0
configure:14059: result: yes
configure:14064: checking if g++ supports -c -o file.o
configure:14111: result: yes
configure:14141: checking whether the g++ linker (/usr/bin/ld -m elf_x86_64) supports shared libraries
configure:14177: result: yes
configure:14318: checking dynamic linker characteristics
configure:14989: result: GNU/Linux ld.so
configure:15042: checking how to hardcode library paths into programs
configure:15067: result: immediate
configure: this is boost.m4 serial 23
configure:15143: checking for Boost headers version >= 0.0.0
configure:15214: g++ -c -g -O2  conftest.cpp >&5
configure:15214: $? = 0
configure:15235: result: yes
configure:15254: checking for Boost's header version
configure:15282: result: 1_54
configure:15294: checking for the toolset name used by Boost for g++
configure:15404: g++ -c -g -O2  conftest.cpp >&5
conftest.cpp:28:3: error: #error defined __GNUC__ && __GNUC__ == 4 && __GNUC_MINOR__ == 10 && !defined __ICC && (defined WIN32 || defined WINNT || defined _WIN32 || defined __WIN32 || defined __WIN32__ || defined __WINNT || defined __WINNT__)
 # error defined __GNUC__ && __GNUC__ == 4 && __GNUC_MINOR__ == 10 && !defined __ICC &&   (defined WIN32 || defined WINNT || defined _WIN32 || defined __WIN32          || defined __WIN32__ || defined __WINNT || defined __WINNT__)
   ^
configure:15404: $? = 1
configure: failed program was:
| /* confdefs.h */
| #define PACKAGE_NAME "ShaderExamples"
| #define PACKAGE_TARNAME "shaderexamples"
| #define PACKAGE_VERSION "0.1"
| #define PACKAGE_STRING "ShaderExamples 0.1"
| #define PACKAGE_BUGREPORT ""
| #define PACKAGE_URL ""
| #define PACKAGE "shaderexamples"
| #define VERSION "0.1"
| #define STDC_HEADERS 1
| #define HAVE_SYS_TYPES_H 1
| #define HAVE_SYS_STAT_H 1
| #define HAVE_STDLIB_H 1
| #define HAVE_STRING_H 1
| #define HAVE_MEMORY_H 1
| #define HAVE_STRINGS_H 1
| #define HAVE_INTTYPES_H 1
| #define HAVE_STDINT_H 1
| #define HAVE_UNISTD_H 1
| #define HAVE_DLFCN_H 1
| #define LT_OBJDIR ".libs/"
| #define HAVE_BOOST 1
| /* end confdefs.h.  */
| 
| #if defined __GNUC__ && __GNUC__ == 4 && __GNUC_MINOR__ == 10 && !defined __ICC &&   (defined WIN32 || defined WINNT || defined _WIN32 || defined __WIN32          || defined __WIN32__ || defined __WINNT || defined __WINNT__)
| /* OK */
| #else
| # error defined __GNUC__ && __GNUC__ == 4 && __GNUC_MINOR__ == 10 && !defined __ICC &&   (defined WIN32 || defined WINNT || defined _WIN32 || defined __WIN32          || defined __WIN32__ || defined __WINNT || defined __WINNT__)
| #endif
| 
| int
| main ()
| {
| 
|   ;
|   return 0;
| }
configure:15404: g++ -c -g -O2  conftest.cpp >&5
conftest.cpp:28:3: error: #error defined __GNUC__ && __GNUC__ == 4 && __GNUC_MINOR__ == 10 && !defined __ICC
 # error defined __GNUC__ && __GNUC__ == 4 && __GNUC_MINOR__ == 10 && !defined __ICC
   ^
configure:15404: $? = 1
configure: failed program was:
| /* confdefs.h */
| #define PACKAGE_NAME "ShaderExamples"
| #define PACKAGE_TARNAME "shaderexamples"
| #define PACKAGE_VERSION "0.1"
| #define PACKAGE_STRING "ShaderExamples 0.1"
| #define PACKAGE_BUGREPORT ""
| #define PACKAGE_URL ""
| #define PACKAGE "shaderexamples"
| #define VERSION "0.1"
| #define STDC_HEADERS 1
| #define HAVE_SYS_TYPES_H 1
| #define HAVE_SYS_STAT_H 1
| #define HAVE_STDLIB_H 1
| #define HAVE_STRING_H 1
| #define HAVE_MEMORY_H 1
| #define HAVE_STRINGS_H 1
| #define HAVE_INTTYPES_H 1
| #define HAVE_STDINT_H 1
| #define HAVE_UNISTD_H 1
| #define HAVE_DLFCN_H 1
| #define LT_OBJDIR ".libs/"
| #define HAVE_BOOST 1
| /* end confdefs.h.  */
| 
| #if defined __GNUC__ && __GNUC__ == 4 && __GNUC_MINOR__ == 10 && !defined __ICC
| /* OK */
| #else
| # error defined __GNUC__ && __GNUC__ == 4 && __GNUC_MINOR__ == 10 && !defined __ICC
| #endif
| 
| int
| main ()
| {
| 
|   ;
|   return 0;
| }
configure:15404: g++ -c -g -O2  conftest.cpp >&5
conftest.cpp:28:3: error: #error defined __GNUC__ && __GNUC__ == 4 && __GNUC_MINOR__ == 9 && !defined __ICC && (defined WIN32 || defined WINNT || defined _WIN32 || defined __WIN32 || defined __WIN32__ || defined __WINNT || defined __WINNT__)
 # error defined __GNUC__ && __GNUC__ == 4 && __GNUC_MINOR__ == 9 && !defined __ICC &&   (defined WIN32 || defined WINNT || defined _WIN32 || defined __WIN32          || defined __WIN32__ || defined __WINNT || defined __WINNT__)
   ^
configure:15404: $? = 1
configure: failed program was:
| /* confdefs.h */
| #define PACKAGE_NAME "ShaderExamples"
| #define PACKAGE_TARNAME "shaderexamples"
| #define PACKAGE_VERSION "0.1"
| #define PACKAGE_STRING "ShaderExamples 0.1"
| #define PACKAGE_BUGREPORT ""
| #define PACKAGE_URL ""
| #define PACKAGE "shaderexamples"
| #define VERSION "0.1"
| #define STDC_HEADERS 1
| #define HAVE_SYS_TYPES_H 1
| #define HAVE_SYS_STAT_H 1
| #define HAVE_STDLIB_H 1
| #define HAVE_STRING_H 1
| #define HAVE_MEMORY_H 1
| #define HAVE_STRINGS_H 1
| #define HAVE_INTTYPES_H 1
| #define HAVE_STDINT_H 1
| #define HAVE_UNISTD_H 1
| #define HAVE_DLFCN_H 1
| #define LT_OBJDIR ".libs/"
| #define HAVE_BOOST 1
| /* end confdefs.h.  */
| 
| #if defined __GNUC__ && __GNUC__ == 4 && __GNUC_MINOR__ == 9 && !defined __ICC &&   (defined WIN32 || defined WINNT || defined _WIN32 || defined __WIN32          || defined __WIN32__ || defined __WINNT || defined __WINNT__)
| /* OK */
| #else
| # error defined __GNUC__ && __GNUC__ == 4 && __GNUC_MINOR__ == 9 && !defined __ICC &&   (defined WIN32 || defined WINNT || defined _WIN32 || defined __WIN32          || defined __WIN32__ || defined __WINNT || defined __WINNT__)
| #endif
| 
| int
| main ()
| {
| 
|   ;
|   return 0;
| }
configure:15404: g++ -c -g -O2  conftest.cpp >&5
conftest.cpp:28:3: error: #error defined __GNUC__ && __GNUC__ == 4 && __GNUC_MINOR__ == 9 && !defined __ICC
 # error defined __GNUC__ && __GNUC__ == 4 && __GNUC_MINOR__ == 9 && !defined __ICC
   ^
configure:15404: $? = 1
configure: failed program was:
| /* confdefs.h */
| #define PACKAGE_NAME "ShaderExamples"
| #define PACKAGE_TARNAME "shaderexamples"
| #define PACKAGE_VERSION "0.1"
| #define PACKAGE_STRING "ShaderExamples 0.1"
| #define PACKAGE_BUGREPORT ""
| #define PACKAGE_URL ""
| #define PACKAGE "shaderexamples"
| #define VERSION "0.1"
| #define STDC_HEADERS 1
| #define HAVE_SYS_TYPES_H 1
| #define HAVE_SYS_STAT_H 1
| #define HAVE_STDLIB_H 1
| #define HAVE_STRING_H 1
| #define HAVE_MEMORY_H 1
| #define HAVE_STRINGS_H 1
| #define HAVE_INTTYPES_H 1
| #define HAVE_STDINT_H 1
| #define HAVE_UNISTD_H 1
| #define HAVE_DLFCN_H 1
| #define LT_OBJDIR ".libs/"
| #define HAVE_BOOST 1
| /* end confdefs.h.  */
| 
| #if defined __GNUC__ && __GNUC__ == 4 && __GNUC_MINOR__ == 9 && !defined __ICC
| /* OK */
| #else
| # error defined __GNUC__ && __GNUC__ == 4 && __GNUC_MINOR__ == 9 && !defined __ICC
| #endif
| 
| int
| main ()
| {
| 
|   ;
|   return 0;
| }
configure:15404: g++ -c -g -O2  conftest.cpp >&5
conftest.cpp:28:3: error: #error defined __GNUC__ && __GNUC__ == 4 && __GNUC_MINOR__ == 8 && !defined __ICC && (defined WIN32 || defined WINNT || defined _WIN32 || defined __WIN32 || defined __WIN32__ || defined __WINNT || defined __WINNT__)
 # error defined __GNUC__ && __GNUC__ == 4 && __GNUC_MINOR__ == 8 && !defined __ICC &&   (defined WIN32 || defined WINNT || defined _WIN32 || defined __WIN32          || defined __WIN32__ || defined __WINNT || defined __WINNT__)
   ^
configure:15404: $? = 1
configure: failed program was:
| /* confdefs.h */
| #define PACKAGE_NAME "ShaderExamples"
| #define PACKAGE_TARNAME "shaderexamples"
| #define PACKAGE_VERSION "0.1"
| #define PACKAGE_STRING "ShaderExamples 0.1"
| #define PACKAGE_BUGREPORT ""
| #define PACKAGE_URL ""
| #define PACKAGE "shaderexamples"
| #define VERSION "0.1"
| #define STDC_HEADERS 1
| #define HAVE_SYS_TYPES_H 1
| #define HAVE_SYS_STAT_H 1
| #define HAVE_STDLIB_H 1
| #define HAVE_STRING_H 1
| #define HAVE_MEMORY_H 1
| #define HAVE_STRINGS_H 1
| #define HAVE_INTTYPES_H 1
| #define HAVE_STDINT_H 1
| #define HAVE_UNISTD_H 1
| #define HAVE_DLFCN_H 1
| #define LT_OBJDIR ".libs/"
| #define HAVE_BOOST 1
| /* end confdefs.h.  */
| 
| #if defined __GNUC__ && __GNUC__ == 4 && __GNUC_MINOR__ == 8 && !defined __ICC &&   (defined WIN32 || defined WINNT || defined _WIN32 || defined __WIN32          || defined __WIN32__ || defined __WINNT || defined __WINNT__)
| /* OK */
| #else
| # error defined __GNUC__ && __GNUC__ == 4 && __GNUC_MINOR__ == 8 && !defined __ICC &&   (defined WIN32 || defined WINNT || defined _WIN32 || defined __WIN32          || defined __WIN32__ || defined __WINNT || defined __WINNT__)
| #endif
| 
| int
| main ()
| {
| 
|   ;
|   return 0;
| }
configure:15404: g++ -c -g -O2  conftest.cpp >&5
configure:15404: $? = 0
configure:15439: result: gcc48 -gcc
configure:15471: g++ -c -g -O2  conftest.cpp >&5
conftest.cpp:28:3: error: #error MT not needed
 # error MT not needed
   ^
configure:15471: $? = 1
configure: failed program was:
| /* confdefs.h */
| #define PACKAGE_NAME "ShaderExamples"
| #define PACKAGE_TARNAME "shaderexamples"
| #define PACKAGE_VERSION "0.1"
| #define PACKAGE_STRING "ShaderExamples 0.1"
| #define PACKAGE_BUGREPORT ""
| #define PACKAGE_URL ""
| #define PACKAGE "shaderexamples"
| #define VERSION "0.1"
| #define STDC_HEADERS 1
| #define HAVE_SYS_TYPES_H 1
| #define HAVE_SYS_STAT_H 1
| #define HAVE_STDLIB_H 1
| #define HAVE_STRING_H 1
| #define HAVE_MEMORY_H 1
| #define HAVE_STRINGS_H 1
| #define HAVE_INTTYPES_H 1
| #define HAVE_STDINT_H 1
| #define HAVE_UNISTD_H 1
| #define HAVE_DLFCN_H 1
| #define LT_OBJDIR ".libs/"
| #define HAVE_BOOST 1
| /* end confdefs.h.  */
| 
| #if defined _REENTRANT || defined _MT || defined __MT__
| /* use -mt */
| #else
| # error MT not needed
| #endif
| 
| int
| main ()
| {
| 
|   ;
|   return 0;
| }
configure:15503: checking boost/program_options.hpp usability
configure:15503: g++ -c -g -O2   conftest.cpp >&5
configure:15503: $? = 0
configure:15503: result: yes
configure:15503: checking boost/program_options.hpp presence
configure:15503: g++ -E   conftest.cpp
configure:15503: $? = 0
configure:15503: result: yes
configure:15503: checking for boost/program_options.hpp
configure:15503: result: yes
configure:15523: checking for the Boost program_options library
configure:15565: g++ -c -g -O2   conftest.cpp >&5
configure:15565: $? = 0
configure:15620: re-using the existing conftest.o
configure:15626: g++ -o conftest -g -O2    conftest.o -lboost_program_options-gcc48-mt-1_54  >&5
/usr/bin/ld: cannot find -lboost_program_options-gcc48-mt-1_54
collect2: error: ld returned 1 exit status
configure:15635: $? = 1
configure:15620: re-using the existing conftest.o
configure:15626: g++ -o conftest -g -O2    -L/usr/local/lib conftest.o -lboost_program_options-gcc48-mt-1_54  >&5
/usr/bin/ld: cannot find -lboost_program_options-gcc48-mt-1_54
collect2: error: ld returned 1 exit status
configure:15635: $? = 1
configure:15620: re-using the existing conftest.o
configure:15626: g++ -o conftest -g -O2    -L/usr/local/lib64 conftest.o -lboost_program_options-gcc48-mt-1_54  >&5
/usr/bin/ld: cannot find -lboost_program_options-gcc48-mt-1_54
collect2: error: ld returned 1 exit status
configure:15635: $? = 1
configure:15620: re-using the existing conftest.o
configure:15626: g++ -o conftest -g -O2    -L/usr/local/libexec conftest.o -lboost_program_options-gcc48-mt-1_54  >&5
/usr/bin/ld: cannot find -lboost_program_options-gcc48-mt-1_54
collect2: error: ld returned 1 exit status
configure:15635: $? = 1
configure:15620: re-using the existing conftest.o
configure:15626: g++ -o conftest -g -O2    -L/usr/lib conftest.o -lboost_program_options-gcc48-mt-1_54  >&5
/usr/bin/ld: cannot find -lboost_program_options-gcc48-mt-1_54
collect2: error: ld returned 1 exit status
configure:15635: $? = 1
configure:15620: re-using the existing conftest.o
configure:15626: g++ -o conftest -g -O2    -L/usr/lib64 conftest.o -lboost_program_options-gcc48-mt-1_54  >&5
/usr/bin/ld: cannot find -lboost_program_options-gcc48-mt-1_54
collect2: error: ld returned 1 exit status
configure:15635: $? = 1
configure:15620: re-using the existing conftest.o
configure:15626: g++ -o conftest -g -O2    -L/usr/libexec conftest.o -lboost_program_options-gcc48-mt-1_54  >&5
/usr/bin/ld: cannot find -lboost_program_options-gcc48-mt-1_54
collect2: error: ld returned 1 exit status
configure:15635: $? = 1
configure:15620: re-using the existing conftest.o
configure:15626: g++ -o conftest -g -O2    conftest.o -lboost_program_options-gcc48-mt-1_54  >&5
/usr/bin/ld: cannot find -lboost_program_options-gcc48-mt-1_54
collect2: error: ld returned 1 exit status
configure:15635: $? = 1
configure:15620: re-using the existing conftest.o
configure:15626: g++ -o conftest -g -O2    -L/lib conftest.o -lboost_program_options-gcc48-mt-1_54  >&5
/usr/bin/ld: cannot find -lboost_program_options-gcc48-mt-1_54
collect2: error: ld returned 1 exit status
configure:15635: $? = 1
configure:15620: re-using the existing conftest.o
configure:15626: g++ -o conftest -g -O2    -L/lib64 conftest.o -lboost_program_options-gcc48-mt-1_54  >&5
/usr/bin/ld: cannot find -lboost_program_options-gcc48-mt-1_54
collect2: error: ld returned 1 exit status
configure:15635: $? = 1
configure:15620: re-using the existing conftest.o
configure:15626: g++ -o conftest -g -O2    conftest.o -lboost_program_options-gcc48-1_54  >&5
/usr/bin/ld: cannot find -lboost_program_options-gcc48-1_54
collect2: error: ld returned 1 exit status
configure:15635: $? = 1
configure:15620: re-using the existing conftest.o
configure:15626: g++ -o conftest -g -O2    -L/usr/local/lib conftest.o -lboost_program_options-gcc48-1_54  >&5
/usr/bin/ld: cannot find -lboost_program_options-gcc48-1_54
collect2: error: ld returned 1 exit status
configure:15635: $? = 1
configure:15620: re-using the existing conftest.o
configure:15626: g++ -o conftest -g -O2    -L/usr/local/lib64 conftest.o -lboost_program_options-gcc48-1_54  >&5
/usr/bin/ld: cannot find -lboost_program_options-gcc48-1_54
collect2: error: ld returned 1 exit status
configure:15635: $? = 1
configure:15620: re-using the existing conftest.o
configure:15626: g++ -o conftest -g -O2    -L/usr/local/libexec conftest.o -lboost_program_options-gcc48-1_54  >&5
/usr/bin/ld: cannot find -lboost_program_options-gcc48-1_54
collect2: error: ld returned 1 exit status
configure:15635: $? = 1
configure:15620: re-using the existing conftest.o
configure:15626: g++ -o conftest -g -O2    -L/usr/lib conftest.o -lboost_program_options-gcc48-1_54  >&5
/usr/bin/ld: cannot find -lboost_program_options-gcc48-1_54
collect2: error: ld returned 1 exit status
configure:15635: $? = 1
configure:15620: re-using the existing conftest.o
configure:15626: g++ -o conftest -g -O2    -L/usr/lib64 conftest.o -lboost_program_options-gcc48-1_54  >&5
/usr/bin/ld: cannot find -lboost_program_options-gcc48-1_54
collect2: error: ld returned 1 exit status
configure:15635: $? = 1
configure:15620: re-using the existing conftest.o
configure:15626: g++ -o conftest -g -O2    -L/usr/libexec conftest.o -lboost_program_options-gcc48-1_54  >&5
/usr/bin/ld: cannot find -lboost_program_options-gcc48-1_54
collect2: error: ld returned 1 exit status
configure:15635: $? = 1
configure:15620: re-using the existing conftest.o
configure:15626: g++ -o conftest -g -O2    conftest.o -lboost_program_options-gcc48-1_54  >&5
/usr/bin/ld: cannot find -lboost_program_options-gcc48-1_54
collect2: error: ld returned 1 exit status
configure:15635: $? = 1
configure:15620: re-using the existing conftest.o
configure:15626: g++ -o conftest -g -O2    -L/lib conftest.o -lboost_program_options-gcc48-1_54  >&5
/usr/bin/ld: cannot find -lboost_program_options-gcc48-1_54
collect2: error: ld returned 1 exit status
configure:15635: $? = 1
configure:15620: re-using the existing conftest.o
configure:15626: g++ -o conftest -g -O2    -L/lib64 conftest.o -lboost_program_options-gcc48-1_54  >&5
/usr/bin/ld: cannot find -lboost_program_options-gcc48-1_54
collect2: error: ld returned 1 exit status
configure:15635: $? = 1
configure:15620: re-using the existing conftest.o
configure:15626: g++ -o conftest -g -O2    conftest.o -lboost_program_options-gcc48-mt-d-1_54  >&5
/usr/bin/ld: cannot find -lboost_program_options-gcc48-mt-d-1_54
collect2: error: ld returned 1 exit status
configure:15635: $? = 1
configure:15620: re-using the existing conftest.o
configure:15626: g++ -o conftest -g -O2    -L/usr/local/lib conftest.o -lboost_program_options-gcc48-mt-d-1_54  >&5
/usr/bin/ld: cannot find -lboost_program_options-gcc48-mt-d-1_54
collect2: error: ld returned 1 exit status
configure:15635: $? = 1
configure:15620: re-using the existing conftest.o
configure:15626: g++ -o conftest -g -O2    -L/usr/local/lib64 conftest.o -lboost_program_options-gcc48-mt-d-1_54  >&5
/usr/bin/ld: cannot find -lboost_program_options-gcc48-mt-d-1_54
collect2: error: ld returned 1 exit status
configure:15635: $? = 1
configure:15620: re-using the existing conftest.o
configure:15626: g++ -o conftest -g -O2    -L/usr/local/libexec conftest.o -lboost_program_options-gcc48-mt-d-1_54  >&5
/usr/bin/ld: cannot find -lboost_program_options-gcc48-mt-d-1_54
collect2: error: ld returned 1 exit status
configure:15635: $? = 1
configure:15620: re-using the existing conftest.o
configure:15626: g++ -o conftest -g -O2    -L/usr/lib conftest.o -lboost_program_options-gcc48-mt-d-1_54  >&5
/usr/bin/ld: cannot find -lboost_program_options-gcc48-mt-d-1_54
collect2: error: ld returned 1 exit status
configure:15635: $? = 1
configure:15620: re-using the existing conftest.o
configure:15626: g++ -o conftest -g -O2    -L/usr/lib64 conftest.o -lboost_program_options-gcc48-mt-d-1_54  >&5
/usr/bin/ld: cannot find -lboost_program_options-gcc48-mt-d-1_54
collect2: error: ld returned 1 exit status
configure:15635: $? = 1
configure:15620: re-using the existing conftest.o
configure:15626: g++ -o conftest -g -O2    -L/usr/libexec conftest.o -lboost_program_options-gcc48-mt-d-1_54  >&5
/usr/bin/ld: cannot find -lboost_program_options-gcc48-mt-d-1_54
collect2: error: ld returned 1 exit status
configure:15635: $? = 1
configure:15620: re-using the existing conftest.o
configure:15626: g++ -o conftest -g -O2    conftest.o -lboost_program_options-gcc48-mt-d-1_54  >&5
/usr/bin/ld: cannot find -lboost_program_options-gcc48-mt-d-1_54
collect2: error: ld returned 1 exit status
configure:15635: $? = 1
configure:15620: re-using the existing conftest.o
configure:15626: g++ -o conftest -g -O2    -L/lib conftest.o -lboost_program_options-gcc48-mt-d-1_54  >&5
/usr/bin/ld: cannot find -lboost_program_options-gcc48-mt-d-1_54
collect2: error: ld returned 1 exit status
configure:15635: $? = 1
configure:15620: re-using the existing conftest.o
configure:15626: g++ -o conftest -g -O2    -L/lib64 conftest.o -lboost_program_options-gcc48-mt-d-1_54  >&5
/usr/bin/ld: cannot find -lboost_program_options-gcc48-mt-d-1_54
collect2: error: ld returned 1 exit status
configure:15635: $? = 1
configure:15620: re-using the existing conftest.o
configure:15626: g++ -o conftest -g -O2    conftest.o -lboost_program_options-gcc48-d-1_54  >&5
/usr/bin/ld: cannot find -lboost_program_options-gcc48-d-1_54
collect2: error: ld returned 1 exit status
configure:15635: $? = 1
configure:15620: re-using the existing conftest.o
configure:15626: g++ -o conftest -g -O2    -L/usr/local/lib conftest.o -lboost_program_options-gcc48-d-1_54  >&5
/usr/bin/ld: cannot find -lboost_program_options-gcc48-d-1_54
collect2: error: ld returned 1 exit status
configure:15635: $? = 1
configure:15620: re-using the existing conftest.o
configure:15626: g++ -o conftest -g -O2    -L/usr/local/lib64 conftest.o -lboost_program_options-gcc48-d-1_54  >&5
/usr/bin/ld: cannot find -lboost_program_options-gcc48-d-1_54
collect2: error: ld returned 1 exit status
configure:15635: $? = 1
configure:15620: re-using the existing conftest.o
configure:15626: g++ -o conftest -g -O2    -L/usr/local/libexec conftest.o -lboost_program_options-gcc48-d-1_54  >&5
/usr/bin/ld: cannot find -lboost_program_options-gcc48-d-1_54
collect2: error: ld returned 1 exit status
configure:15635: $? = 1
configure:15620: re-using the existing conftest.o
configure:15626: g++ -o conftest -g -O2    -L/usr/lib conftest.o -lboost_program_options-gcc48-d-1_54  >&5
/usr/bin/ld: cannot find -lboost_program_options-gcc48-d-1_54
collect2: error: ld returned 1 exit status
configure:15635: $? = 1
configure:15620: re-using the existing conftest.o
configure:15626: g++ -o conftest -g -O2    -L/usr/lib64 conftest.o -lboost_program_options-gcc48-d-1_54  >&5
/usr/bin/ld: cannot find -lboost_program_options-gcc48-d-1_54
collect2: error: ld returned 1 exit status
configure:15635: $? = 1
configure:15620: re-using the existing conftest.o
configure:15626: g++ -o conftest -g -O2    -L/usr/libexec conftest.o -lboost_program_options-gcc48-d-1_54  >&5
/usr/bin/ld: cannot find -lboost_program_options-gcc48-d-1_54
collect2: error: ld returned 1 exit status
configure:15635: $? = 1
configure:15620: re-using the existing conftest.o
configure:15626: g++ -o conftest -g -O2    conftest.o -lboost_program_options-gcc48-d-1_54  >&5
/usr/bin/ld: cannot find -lboost_program_options-gcc48-d-1_54
collect2: error: ld returned 1 exit status
configure:15635: $? = 1
configure:15620: re-using the existing conftest.o
configure:15626: g++ -o conftest -g -O2    -L/lib conftest.o -lboost_program_options-gcc48-d-1_54  >&5
/usr/bin/ld: cannot find -lboost_program_options-gcc48-d-1_54
collect2: error: ld returned 1 exit status
configure:15635: $? = 1
configure:15620: re-using the existing conftest.o
configure:15626: g++ -o conftest -g -O2    -L/lib64 conftest.o -lboost_program_options-gcc48-d-1_54  >&5
/usr/bin/ld: cannot find -lboost_program_options-gcc48-d-1_54
collect2: error: ld returned 1 exit status
configure:15635: $? = 1
configure:15620: re-using the existing conftest.o
configure:15626: g++ -o conftest -g -O2    conftest.o -lboost_program_options-gcc48-mt  >&5
/usr/bin/ld: cannot find -lboost_program_options-gcc48-mt
collect2: error: ld returned 1 exit status
configure:15635: $? = 1
configure:15620: re-using the existing conftest.o
configure:15626: g++ -o conftest -g -O2    -L/usr/local/lib conftest.o -lboost_program_options-gcc48-mt  >&5
/usr/bin/ld: cannot find -lboost_program_options-gcc48-mt
collect2: error: ld returned 1 exit status
configure:15635: $? = 1
configure:15620: re-using the existing conftest.o
configure:15626: g++ -o conftest -g -O2    -L/usr/local/lib64 conftest.o -lboost_program_options-gcc48-mt  >&5
/usr/bin/ld: cannot find -lboost_program_options-gcc48-mt
collect2: error: ld returned 1 exit status
configure:15635: $? = 1
configure:15620: re-using the existing conftest.o
configure:15626: g++ -o conftest -g -O2    -L/usr/local/libexec conftest.o -lboost_program_options-gcc48-mt  >&5
/usr/bin/ld: cannot find -lboost_program_options-gcc48-mt
collect2: error: ld returned 1 exit status
configure:15635: $? = 1
configure:15620: re-using the existing conftest.o
configure:15626: g++ -o conftest -g -O2    -L/usr/lib conftest.o -lboost_program_options-gcc48-mt  >&5
/usr/bin/ld: cannot find -lboost_program_options-gcc48-mt
collect2: error: ld returned 1 exit status
configure:15635: $? = 1
configure:15620: re-using the existing conftest.o
configure:15626: g++ -o conftest -g -O2    -L/usr/lib64 conftest.o -lboost_program_options-gcc48-mt  >&5
/usr/bin/ld: cannot find -lboost_program_options-gcc48-mt
collect2: error: ld returned 1 exit status
configure:15635: $? = 1
configure:15620: re-using the existing conftest.o
configure:15626: g++ -o conftest -g -O2    -L/usr/libexec conftest.o -lboost_program_options-gcc48-mt  >&5
/usr/bin/ld: cannot find -lboost_program_options-gcc48-mt
collect2: error: ld returned 1 exit status
configure:15635: $? = 1
configure:15620: re-using the existing conftest.o
configure:15626: g++ -o conftest -g -O2    conftest.o -lboost_program_options-gcc48-mt  >&5
/usr/bin/ld: cannot find -lboost_program_options-gcc48-mt
collect2: error: ld returned 1 exit status
configure:15635: $? = 1
configure:15620: re-using the existing conftest.o
configure:15626: g++ -o conftest -g -O2    -L/lib conftest.o -lboost_program_options-gcc48-mt  >&5
/usr/bin/ld: cannot find -lboost_program_options-gcc48-mt
collect2: error: ld returned 1 exit status
configure:15635: $? = 1
configure:15620: re-using the existing conftest.o
configure:15626: g++ -o conftest -g -O2    -L/lib64 conftest.o -lboost_program_options-gcc48-mt  >&5
/usr/bin/ld: cannot find -lboost_program_options-gcc48-mt
collect2: error: ld returned 1 exit status
configure:15635: $? = 1
configure:15620: re-using the existing conftest.o
configure:15626: g++ -o conftest -g -O2    conftest.o -lboost_program_options-gcc48  >&5
/usr/bin/ld: cannot find -lboost_program_options-gcc48
collect2: error: ld returned 1 exit status
configure:15635: $? = 1
configure:15620: re-using the existing conftest.o
configure:15626: g++ -o conftest -g -O2    -L/usr/local/lib conftest.o -lboost_program_options-gcc48  >&5
/usr/bin/ld: cannot find -lboost_program_options-gcc48
collect2: error: ld returned 1 exit status
configure:15635: $? = 1
configure:15620: re-using the existing conftest.o
configure:15626: g++ -o conftest -g -O2    -L/usr/local/lib64 conftest.o -lboost_program_options-gcc48  >&5
/usr/bin/ld: cannot find -lboost_program_options-gcc48
collect2: error: ld returned 1 exit status
configure:15635: $? = 1
configure:15620: re-using the existing conftest.o
configure:15626: g++ -o conftest -g -O2    -L/usr/local/libexec conftest.o -lboost_program_options-gcc48  >&5
/usr/bin/ld: cannot find -lboost_program_options-gcc48
collect2: error: ld returned 1 exit status
configure:15635: $? = 1
configure:15620: re-using the existing conftest.o
configure:15626: g++ -o conftest -g -O2    -L/usr/lib conftest.o -lboost_program_options-gcc48  >&5
/usr/bin/ld: cannot find -lboost_program_options-gcc48
collect2: error: ld returned 1 exit status
configure:15635: $? = 1
configure:15620: re-using the existing conftest.o
configure:15626: g++ -o conftest -g -O2    -L/usr/lib64 conftest.o -lboost_program_options-gcc48  >&5
/usr/bin/ld: cannot find -lboost_program_options-gcc48
collect2: error: ld returned 1 exit status
configure:15635: $? = 1
configure:15620: re-using the existing conftest.o
configure:15626: g++ -o conftest -g -O2    -L/usr/libexec conftest.o -lboost_program_options-gcc48  >&5
/usr/bin/ld: cannot find -lboost_program_options-gcc48
collect2: error: ld returned 1 exit status
configure:15635: $? = 1
configure:15620: re-using the existing conftest.o
configure:15626: g++ -o conftest -g -O2    conftest.o -lboost_program_options-gcc48  >&5
/usr/bin/ld: cannot find -lboost_program_options-gcc48
collect2: error: ld returned 1 exit status
configure:15635: $? = 1
configure:15620: re-using the existing conftest.o
configure:15626: g++ -o conftest -g -O2    -L/lib conftest.o -lboost_program_options-gcc48  >&5
/usr/bin/ld: cannot find -lboost_program_options-gcc48
collect2: error: ld returned 1 exit status
configure:15635: $? = 1
configure:15620: re-using the existing conftest.o
configure:15626: g++ -o conftest -g -O2    -L/lib64 conftest.o -lboost_program_options-gcc48  >&5
/usr/bin/ld: cannot find -lboost_program_options-gcc48
collect2: error: ld returned 1 exit status
configure:15635: $? = 1
configure:15620: re-using the existing conftest.o
configure:15626: g++ -o conftest -g -O2    conftest.o -lboost_program_options-gcc48-mt-d  >&5
/usr/bin/ld: cannot find -lboost_program_options-gcc48-mt-d
collect2: error: ld returned 1 exit status
configure:15635: $? = 1
configure:15620: re-using the existing conftest.o
configure:15626: g++ -o conftest -g -O2    -L/usr/local/lib conftest.o -lboost_program_options-gcc48-mt-d  >&5
/usr/bin/ld: cannot find -lboost_program_options-gcc48-mt-d
collect2: error: ld returned 1 exit status
configure:15635: $? = 1
configure:15620: re-using the existing conftest.o
configure:15626: g++ -o conftest -g -O2    -L/usr/local/lib64 conftest.o -lboost_program_options-gcc48-mt-d  >&5
/usr/bin/ld: cannot find -lboost_program_options-gcc48-mt-d
collect2: error: ld returned 1 exit status
configure:15635: $? = 1
configure:15620: re-using the existing conftest.o
configure:15626: g++ -o conftest -g -O2    -L/usr/local/libexec conftest.o -lboost_program_options-gcc48-mt-d  >&5
/usr/bin/ld: cannot find -lboost_program_options-gcc48-mt-d
collect2: error: ld returned 1 exit status
configure:15635: $? = 1
configure:15620: re-using the existing conftest.o
configure:15626: g++ -o conftest -g -O2    -L/usr/lib conftest.o -lboost_program_options-gcc48-mt-d  >&5
/usr/bin/ld: cannot find -lboost_program_options-gcc48-mt-d
collect2: error: ld returned 1 exit status
configure:15635: $? = 1
configure:15620: re-using the existing conftest.o
configure:15626: g++ -o conftest -g -O2    -L/usr/lib64 conftest.o -lboost_program_options-gcc48-mt-d  >&5
/usr/bin/ld: cannot find -lboost_program_options-gcc48-mt-d
collect2: error: ld returned 1 exit status
configure:15635: $? = 1
configure:15620: re-using the existing conftest.o
configure:15626: g++ -o conftest -g -O2    -L/usr/libexec conftest.o -lboost_program_options-gcc48-mt-d  >&5
/usr/bin/ld: cannot find -lboost_program_options-gcc48-mt-d
collect2: error: ld returned 1 exit status
configure:15635: $? = 1
configure:15620: re-using the existing conftest.o
configure:15626: g++ -o conftest -g -O2    conftest.o -lboost_program_options-gcc48-mt-d  >&5
/usr/bin/ld: cannot find -lboost_program_options-gcc48-mt-d
collect2: error: ld returned 1 exit status
configure:15635: $? = 1
configure:15620: re-using the existing conftest.o
configure:15626: g++ -o conftest -g -O2    -L/lib conftest.o -lboost_program_options-gcc48-mt-d  >&5
/usr/bin/ld: cannot find -lboost_program_options-gcc48-mt-d
collect2: error: ld returned 1 exit status
configure:15635: $? = 1
configure:15620: re-using the existing conftest.o
configure:15626: g++ -o conftest -g -O2    -L/lib64 conftest.o -lboost_program_options-gcc48-mt-d  >&5
/usr/bin/ld: cannot find -lboost_program_options-gcc48-mt-d
collect2: error: ld returned 1 exit status
configure:15635: $? = 1
configure:15620: re-using the existing conftest.o
configure:15626: g++ -o conftest -g -O2    conftest.o -lboost_program_options-gcc48-d  >&5
/usr/bin/ld: cannot find -lboost_program_options-gcc48-d
collect2: error: ld returned 1 exit status
configure:15635: $? = 1
configure:15620: re-using the existing conftest.o
configure:15626: g++ -o conftest -g -O2    -L/usr/local/lib conftest.o -lboost_program_options-gcc48-d  >&5
/usr/bin/ld: cannot find -lboost_program_options-gcc48-d
collect2: error: ld returned 1 exit status
configure:15635: $? = 1
configure:15620: re-using the existing conftest.o
configure:15626: g++ -o conftest -g -O2    -L/usr/local/lib64 conftest.o -lboost_program_options-gcc48-d  >&5
/usr/bin/ld: cannot find -lboost_program_options-gcc48-d
collect2: error: ld returned 1 exit status
configure:15635: $? = 1
configure:15620: re-using the existing conftest.o
configure:15626: g++ -o conftest -g -O2    -L/usr/local/libexec conftest.o -lboost_program_options-gcc48-d  >&5
/usr/bin/ld: cannot find -lboost_program_options-gcc48-d
collect2: error: ld returned 1 exit status
configure:15635: $? = 1
configure:15620: re-using the existing conftest.o
configure:15626: g++ -o conftest -g -O2    -L/usr/lib conftest.o -lboost_program_options-gcc48-d  >&5
/usr/bin/ld: cannot find -lboost_program_options-gcc48-d
collect2: error: ld returned 1 exit status
configure:15635: $? = 1
configure:15620: re-using the existing conftest.o
configure:15626: g++ -o conftest -g -O2    -L/usr/lib64 conftest.o -lboost_program_options-gcc48-d  >&5
/usr/bin/ld: cannot find -lboost_program_options-gcc48-d
collect2: error: ld returned 1 exit status
configure:15635: $? = 1
configure:15620: re-using the existing conftest.o
configure:15626: g++ -o conftest -g -O2    -L/usr/libexec conftest.o -lboost_program_options-gcc48-d  >&5
/usr/bin/ld: cannot find -lboost_program_options-gcc48-d
collect2: error: ld returned 1 exit status
configure:15635: $? = 1
configure:15620: re-using the existing conftest.o
configure:15626: g++ -o conftest -g -O2    conftest.o -lboost_program_options-gcc48-d  >&5
/usr/bin/ld: cannot find -lboost_program_options-gcc48-d
collect2: error: ld returned 1 exit status
configure:15635: $? = 1
configure:15620: re-using the existing conftest.o
configure:15626: g++ -o conftest -g -O2    -L/lib conftest.o -lboost_program_options-gcc48-d  >&5
/usr/bin/ld: cannot find -lboost_program_options-gcc48-d
collect2: error: ld returned 1 exit status
configure:15635: $? = 1
configure:15620: re-using the existing conftest.o
configure:15626: g++ -o conftest -g -O2    -L/lib64 conftest.o -lboost_program_options-gcc48-d  >&5
/usr/bin/ld: cannot find -lboost_program_options-gcc48-d
collect2: error: ld returned 1 exit status
configure:15635: $? = 1
configure:15620: re-using the existing conftest.o
configure:15626: g++ -o conftest -g -O2    conftest.o -lboost_program_options-gcc-mt-1_54  >&5
/usr/bin/ld: cannot find -lboost_program_options-gcc-mt-1_54
collect2: error: ld returned 1 exit status
configure:15635: $? = 1
configure:15620: re-using the existing conftest.o
configure:15626: g++ -o conftest -g -O2    -L/usr/local/lib conftest.o -lboost_program_options-gcc-mt-1_54  >&5
/usr/bin/ld: cannot find -lboost_program_options-gcc-mt-1_54
collect2: error: ld returned 1 exit status
configure:15635: $? = 1
configure:15620: re-using the existing conftest.o
configure:15626: g++ -o conftest -g -O2    -L/usr/local/lib64 conftest.o -lboost_program_options-gcc-mt-1_54  >&5
/usr/bin/ld: cannot find -lboost_program_options-gcc-mt-1_54
collect2: error: ld returned 1 exit status
configure:15635: $? = 1
configure:15620: re-using the existing conftest.o
configure:15626: g++ -o conftest -g -O2    -L/usr/local/libexec conftest.o -lboost_program_options-gcc-mt-1_54  >&5
/usr/bin/ld: cannot find -lboost_program_options-gcc-mt-1_54
collect2: error: ld returned 1 exit status
configure:15635: $? = 1
configure:15620: re-using the existing conftest.o
configure:15626: g++ -o conftest -g -O2    -L/usr/lib conftest.o -lboost_program_options-gcc-mt-1_54  >&5
/usr/bin/ld: cannot find -lboost_program_options-gcc-mt-1_54
collect2: error: ld returned 1 exit status
configure:15635: $? = 1
configure:15620: re-using the existing conftest.o
configure:15626: g++ -o conftest -g -O2    -L/usr/lib64 conftest.o -lboost_program_options-gcc-mt-1_54  >&5
/usr/bin/ld: cannot find -lboost_program_options-gcc-mt-1_54
collect2: error: ld returned 1 exit status
configure:15635: $? = 1
configure:15620: re-using the existing conftest.o
configure:15626: g++ -o conftest -g -O2    -L/usr/libexec conftest.o -lboost_program_options-gcc-mt-1_54  >&5
/usr/bin/ld: cannot find -lboost_program_options-gcc-mt-1_54
collect2: error: ld returned 1 exit status
configure:15635: $? = 1
configure:15620: re-using the existing conftest.o
configure:15626: g++ -o conftest -g -O2    conftest.o -lboost_program_options-gcc-mt-1_54  >&5
/usr/bin/ld: cannot find -lboost_program_options-gcc-mt-1_54
collect2: error: ld returned 1 exit status
configure:15635: $? = 1
configure:15620: re-using the existing conftest.o
configure:15626: g++ -o conftest -g -O2    -L/lib conftest.o -lboost_program_options-gcc-mt-1_54  >&5
/usr/bin/ld: cannot find -lboost_program_options-gcc-mt-1_54
collect2: error: ld returned 1 exit status
configure:15635: $? = 1
configure:15620: re-using the existing conftest.o
configure:15626: g++ -o conftest -g -O2    -L/lib64 conftest.o -lboost_program_options-gcc-mt-1_54  >&5
/usr/bin/ld: cannot find -lboost_program_options-gcc-mt-1_54
collect2: error: ld returned 1 exit status
configure:15635: $? = 1
configure:15620: re-using the existing conftest.o
configure:15626: g++ -o conftest -g -O2    conftest.o -lboost_program_options-gcc-1_54  >&5
/usr/bin/ld: cannot find -lboost_program_options-gcc-1_54
collect2: error: ld returned 1 exit status
configure:15635: $? = 1
configure:15620: re-using the existing conftest.o
configure:15626: g++ -o conftest -g -O2    -L/usr/local/lib conftest.o -lboost_program_options-gcc-1_54  >&5
/usr/bin/ld: cannot find -lboost_program_options-gcc-1_54
collect2: error: ld returned 1 exit status
configure:15635: $? = 1
configure:15620: re-using the existing conftest.o
configure:15626: g++ -o conftest -g -O2    -L/usr/local/lib64 conftest.o -lboost_program_options-gcc-1_54  >&5
/usr/bin/ld: cannot find -lboost_program_options-gcc-1_54
collect2: error: ld returned 1 exit status
configure:15635: $? = 1
configure:15620: re-using the existing conftest.o
configure:15626: g++ -o conftest -g -O2    -L/usr/local/libexec conftest.o -lboost_program_options-gcc-1_54  >&5
/usr/bin/ld: cannot find -lboost_program_options-gcc-1_54
collect2: error: ld returned 1 exit status
configure:15635: $? = 1
configure:15620: re-using the existing conftest.o
configure:15626: g++ -o conftest -g -O2    -L/usr/lib conftest.o -lboost_program_options-gcc-1_54  >&5
/usr/bin/ld: cannot find -lboost_program_options-gcc-1_54
collect2: error: ld returned 1 exit status
configure:15635: $? = 1
configure:15620: re-using the existing conftest.o
configure:15626: g++ -o conftest -g -O2    -L/usr/lib64 conftest.o -lboost_program_options-gcc-1_54  >&5
/usr/bin/ld: cannot find -lboost_program_options-gcc-1_54
collect2: error: ld returned 1 exit status
configure:15635: $? = 1
configure:15620: re-using the existing conftest.o
configure:15626: g++ -o conftest -g -O2    -L/usr/libexec conftest.o -lboost_program_options-gcc-1_54  >&5
/usr/bin/ld: cannot find -lboost_program_options-gcc-1_54
collect2: error: ld returned 1 exit status
configure:15635: $? = 1
configure:15620: re-using the existing conftest.o
configure:15626: g++ -o conftest -g -O2    conftest.o -lboost_program_options-gcc-1_54  >&5
/usr/bin/ld: cannot find -lboost_program_options-gcc-1_54
collect2: error: ld returned 1 exit status
configure:15635: $? = 1
configure:15620: re-using the existing conftest.o
configure:15626: g++ -o conftest -g -O2    -L/lib conftest.o -lboost_program_options-gcc-1_54  >&5
/usr/bin/ld: cannot find -lboost_program_options-gcc-1_54
collect2: error: ld returned 1 exit status
configure:15635: $? = 1
configure:15620: re-using the existing conftest.o
configure:15626: g++ -o conftest -g -O2    -L/lib64 conftest.o -lboost_program_options-gcc-1_54  >&5
/usr/bin/ld: cannot find -lboost_program_options-gcc-1_54
collect2: error: ld returned 1 exit status
configure:15635: $? = 1
configure:15620: re-using the existing conftest.o
configure:15626: g++ -o conftest -g -O2    conftest.o -lboost_program_options-gcc-mt-d-1_54  >&5
/usr/bin/ld: cannot find -lboost_program_options-gcc-mt-d-1_54
collect2: error: ld returned 1 exit status
configure:15635: $? = 1
configure:15620: re-using the existing conftest.o
configure:15626: g++ -o conftest -g -O2    -L/usr/local/lib conftest.o -lboost_program_options-gcc-mt-d-1_54  >&5
/usr/bin/ld: cannot find -lboost_program_options-gcc-mt-d-1_54
collect2: error: ld returned 1 exit status
configure:15635: $? = 1
configure:15620: re-using the existing conftest.o
configure:15626: g++ -o conftest -g -O2    -L/usr/local/lib64 conftest.o -lboost_program_options-gcc-mt-d-1_54  >&5
/usr/bin/ld: cannot find -lboost_program_options-gcc-mt-d-1_54
collect2: error: ld returned 1 exit status
configure:15635: $? = 1
configure:15620: re-using the existing conftest.o
configure:15626: g++ -o conftest -g -O2    -L/usr/local/libexec conftest.o -lboost_program_options-gcc-mt-d-1_54  >&5
/usr/bin/ld: cannot find -lboost_program_options-gcc-mt-d-1_54
collect2: error: ld returned 1 exit status
configure:15635: $? = 1
configure:15620: re-using the existing conftest.o
configure:15626: g++ -o conftest -g -O2    -L/usr/lib conftest.o -lboost_program_options-gcc-mt-d-1_54  >&5
/usr/bin/ld: cannot find -lboost_program_options-gcc-mt-d-1_54
collect2: error: ld returned 1 exit status
configure:15635: $? = 1
configure:15620: re-using the existing conftest.o
configure:15626: g++ -o conftest -g -O2    -L/usr/lib64 conftest.o -lboost_program_options-gcc-mt-d-1_54  >&5
/usr/bin/ld: cannot find -lboost_program_options-gcc-mt-d-1_54
collect2: error: ld returned 1 exit status
configure:15635: $? = 1
configure:15620: re-using the existing conftest.o
configure:15626: g++ -o conftest -g -O2    -L/usr/libexec conftest.o -lboost_program_options-gcc-mt-d-1_54  >&5
/usr/bin/ld: cannot find -lboost_program_options-gcc-mt-d-1_54
collect2: error: ld returned 1 exit status
configure:15635: $? = 1
configure:15620: re-using the existing conftest.o
configure:15626: g++ -o conftest -g -O2    conftest.o -lboost_program_options-gcc-mt-d-1_54  >&5
/usr/bin/ld: cannot find -lboost_program_options-gcc-mt-d-1_54
collect2: error: ld returned 1 exit status
configure:15635: $? = 1
configure:15620: re-using the existing conftest.o
configure:15626: g++ -o conftest -g -O2    -L/lib conftest.o -lboost_program_options-gcc-mt-d-1_54  >&5
/usr/bin/ld: cannot find -lboost_program_options-gcc-mt-d-1_54
collect2: error: ld returned 1 exit status
configure:15635: $? = 1
configure:15620: re-using the existing conftest.o
configure:15626: g++ -o conftest -g -O2    -L/lib64 conftest.o -lboost_program_options-gcc-mt-d-1_54  >&5
/usr/bin/ld: cannot find -lboost_program_options-gcc-mt-d-1_54
collect2: error: ld returned 1 exit status
configure:15635: $? = 1
configure:15620: re-using the existing conftest.o
configure:15626: g++ -o conftest -g -O2    conftest.o -lboost_program_options-gcc-d-1_54  >&5
/usr/bin/ld: cannot find -lboost_program_options-gcc-d-1_54
collect2: error: ld returned 1 exit status
configure:15635: $? = 1
configure:15620: re-using the existing conftest.o
configure:15626: g++ -o conftest -g -O2    -L/usr/local/lib conftest.o -lboost_program_options-gcc-d-1_54  >&5
/usr/bin/ld: cannot find -lboost_program_options-gcc-d-1_54
collect2: error: ld returned 1 exit status
configure:15635: $? = 1
configure:15620: re-using the existing conftest.o
configure:15626: g++ -o conftest -g -O2    -L/usr/local/lib64 conftest.o -lboost_program_options-gcc-d-1_54  >&5
/usr/bin/ld: cannot find -lboost_program_options-gcc-d-1_54
collect2: error: ld returned 1 exit status
configure:15635: $? = 1
configure:15620: re-using the existing conftest.o
configure:15626: g++ -o conftest -g -O2    -L/usr/local/libexec conftest.o -lboost_program_options-gcc-d-1_54  >&5
/usr/bin/ld: cannot find -lboost_program_options-gcc-d-1_54
collect2: error: ld returned 1 exit status
configure:15635: $? = 1
configure:15620: re-using the existing conftest.o
configure:15626: g++ -o conftest -g -O2    -L/usr/lib conftest.o -lboost_program_options-gcc-d-1_54  >&5
/usr/bin/ld: cannot find -lboost_program_options-gcc-d-1_54
collect2: error: ld returned 1 exit status
configure:15635: $? = 1
configure:15620: re-using the existing conftest.o
configure:15626: g++ -o conftest -g -O2    -L/usr/lib64 conftest.o -lboost_program_options-gcc-d-1_54  >&5
/usr/bin/ld: cannot find -lboost_program_options-gcc-d-1_54
collect2: error: ld returned 1 exit status
configure:15635: $? = 1
configure:15620: re-using the existing conftest.o
configure:15626: g++ -o conftest -g -O2    -L/usr/libexec conftest.o -lboost_program_options-gcc-d-1_54  >&5
/usr/bin/ld: cannot find -lboost_program_options-gcc-d-1_54
collect2: error: ld returned 1 exit status
configure:15635: $? = 1
configure:15620: re-using the existing conftest.o
configure:15626: g++ -o conftest -g -O2    conftest.o -lboost_program_options-gcc-d-1_54  >&5
/usr/bin/ld: cannot find -lboost_program_options-gcc-d-1_54
collect2: error: ld returned 1 exit status
configure:15635: $? = 1
configure:15620: re-using the existing conftest.o
configure:15626: g++ -o conftest -g -O2    -L/lib conftest.o -lboost_program_options-gcc-d-1_54  >&5
/usr/bin/ld: cannot find -lboost_program_options-gcc-d-1_54
collect2: error: ld returned 1 exit status
configure:15635: $? = 1
configure:15620: re-using the existing conftest.o
configure:15626: g++ -o conftest -g -O2    -L/lib64 conftest.o -lboost_program_options-gcc-d-1_54  >&5
/usr/bin/ld: cannot find -lboost_program_options-gcc-d-1_54
collect2: error: ld returned 1 exit status
configure:15635: $? = 1
configure:15620: re-using the existing conftest.o
configure:15626: g++ -o conftest -g -O2    conftest.o -lboost_program_options-gcc-mt  >&5
/usr/bin/ld: cannot find -lboost_program_options-gcc-mt
collect2: error: ld returned 1 exit status
configure:15635: $? = 1
configure:15620: re-using the existing conftest.o
configure:15626: g++ -o conftest -g -O2    -L/usr/local/lib conftest.o -lboost_program_options-gcc-mt  >&5
/usr/bin/ld: cannot find -lboost_program_options-gcc-mt
collect2: error: ld returned 1 exit status
configure:15635: $? = 1
configure:15620: re-using the existing conftest.o
configure:15626: g++ -o conftest -g -O2    -L/usr/local/lib64 conftest.o -lboost_program_options-gcc-mt  >&5
/usr/bin/ld: cannot find -lboost_program_options-gcc-mt
collect2: error: ld returned 1 exit status
configure:15635: $? = 1
configure:15620: re-using the existing conftest.o
configure:15626: g++ -o conftest -g -O2    -L/usr/local/libexec conftest.o -lboost_program_options-gcc-mt  >&5
/usr/bin/ld: cannot find -lboost_program_options-gcc-mt
collect2: error: ld returned 1 exit status
configure:15635: $? = 1
configure:15620: re-using the existing conftest.o
configure:15626: g++ -o conftest -g -O2    -L/usr/lib conftest.o -lboost_program_options-gcc-mt  >&5
/usr/bin/ld: cannot find -lboost_program_options-gcc-mt
collect2: error: ld returned 1 exit status
configure:15635: $? = 1
configure:15620: re-using the existing conftest.o
configure:15626: g++ -o conftest -g -O2    -L/usr/lib64 conftest.o -lboost_program_options-gcc-mt  >&5
/usr/bin/ld: cannot find -lboost_program_options-gcc-mt
collect2: error: ld returned 1 exit status
configure:15635: $? = 1
configure:15620: re-using the existing conftest.o
configure:15626: g++ -o conftest -g -O2    -L/usr/libexec conftest.o -lboost_program_options-gcc-mt  >&5
/usr/bin/ld: cannot find -lboost_program_options-gcc-mt
collect2: error: ld returned 1 exit status
configure:15635: $? = 1
configure:15620: re-using the existing conftest.o
configure:15626: g++ -o conftest -g -O2    conftest.o -lboost_program_options-gcc-mt  >&5
/usr/bin/ld: cannot find -lboost_program_options-gcc-mt
collect2: error: ld returned 1 exit status
configure:15635: $? = 1
configure:15620: re-using the existing conftest.o
configure:15626: g++ -o conftest -g -O2    -L/lib conftest.o -lboost_program_options-gcc-mt  >&5
/usr/bin/ld: cannot find -lboost_program_options-gcc-mt
collect2: error: ld returned 1 exit status
configure:15635: $? = 1
configure:15620: re-using the existing conftest.o
configure:15626: g++ -o conftest -g -O2    -L/lib64 conftest.o -lboost_program_options-gcc-mt  >&5
/usr/bin/ld: cannot find -lboost_program_options-gcc-mt
collect2: error: ld returned 1 exit status
configure:15635: $? = 1
configure:15620: re-using the existing conftest.o
configure:15626: g++ -o conftest -g -O2    conftest.o -lboost_program_options-gcc  >&5
/usr/bin/ld: cannot find -lboost_program_options-gcc
collect2: error: ld returned 1 exit status
configure:15635: $? = 1
configure:15620: re-using the existing conftest.o
configure:15626: g++ -o conftest -g -O2    -L/usr/local/lib conftest.o -lboost_program_options-gcc  >&5
/usr/bin/ld: cannot find -lboost_program_options-gcc
collect2: error: ld returned 1 exit status
configure:15635: $? = 1
configure:15620: re-using the existing conftest.o
configure:15626: g++ -o conftest -g -O2    -L/usr/local/lib64 conftest.o -lboost_program_options-gcc  >&5
/usr/bin/ld: cannot find -lboost_program_options-gcc
collect2: error: ld returned 1 exit status
configure:15635: $? = 1
configure:15620: re-using the existing conftest.o
configure:15626: g++ -o conftest -g -O2    -L/usr/local/libexec conftest.o -lboost_program_options-gcc  >&5
/usr/bin/ld: cannot find -lboost_program_options-gcc
collect2: error: ld returned 1 exit status
configure:15635: $? = 1
configure:15620: re-using the existing conftest.o
configure:15626: g++ -o conftest -g -O2    -L/usr/lib conftest.o -lboost_program_options-gcc  >&5
/usr/bin/ld: cannot find -lboost_program_options-gcc
collect2: error: ld returned 1 exit status
configure:15635: $? = 1
configure:15620: re-using the existing conftest.o
configure:15626: g++ -o conftest -g -O2    -L/usr/lib64 conftest.o -lboost_program_options-gcc  >&5
/usr/bin/ld: cannot find -lboost_program_options-gcc
collect2: error: ld returned 1 exit status
configure:15635: $? = 1
configure:15620: re-using the existing conftest.o
configure:15626: g++ -o conftest -g -O2    -L/usr/libexec conftest.o -lboost_program_options-gcc  >&5
/usr/bin/ld: cannot find -lboost_program_options-gcc
collect2: error: ld returned 1 exit status
configure:15635: $? = 1
configure:15620: re-using the existing conftest.o
configure:15626: g++ -o conftest -g -O2    conftest.o -lboost_program_options-gcc  >&5
/usr/bin/ld: cannot find -lboost_program_options-gcc
collect2: error: ld returned 1 exit status
configure:15635: $? = 1
configure:15620: re-using the existing conftest.o
configure:15626: g++ -o conftest -g -O2    -L/lib conftest.o -lboost_program_options-gcc  >&5
/usr/bin/ld: cannot find -lboost_program_options-gcc
collect2: error: ld returned 1 exit status
configure:15635: $? = 1
configure:15620: re-using the existing conftest.o
configure:15626: g++ -o conftest -g -O2    -L/lib64 conftest.o -lboost_program_options-gcc  >&5
/usr/bin/ld: cannot find -lboost_program_options-gcc
collect2: error: ld returned 1 exit status
configure:15635: $? = 1
configure:15620: re-using the existing conftest.o
configure:15626: g++ -o conftest -g -O2    conftest.o -lboost_program_options-gcc-mt-d  >&5
/usr/bin/ld: cannot find -lboost_program_options-gcc-mt-d
collect2: error: ld returned 1 exit status
configure:15635: $? = 1
configure:15620: re-using the existing conftest.o
configure:15626: g++ -o conftest -g -O2    -L/usr/local/lib conftest.o -lboost_program_options-gcc-mt-d  >&5
/usr/bin/ld: cannot find -lboost_program_options-gcc-mt-d
collect2: error: ld returned 1 exit status
configure:15635: $? = 1
configure:15620: re-using the existing conftest.o
configure:15626: g++ -o conftest -g -O2    -L/usr/local/lib64 conftest.o -lboost_program_options-gcc-mt-d  >&5
/usr/bin/ld: cannot find -lboost_program_options-gcc-mt-d
collect2: error: ld returned 1 exit status
configure:15635: $? = 1
configure:15620: re-using the existing conftest.o
configure:15626: g++ -o conftest -g -O2    -L/usr/local/libexec conftest.o -lboost_program_options-gcc-mt-d  >&5
/usr/bin/ld: cannot find -lboost_program_options-gcc-mt-d
collect2: error: ld returned 1 exit status
configure:15635: $? = 1
configure:15620: re-using the existing conftest.o
configure:15626: g++ -o conftest -g -O2    -L/usr/lib conftest.o -lboost_program_options-gcc-mt-d  >&5
/usr/bin/ld: cannot find -lboost_program_options-gcc-mt-d
collect2: error: ld returned 1 exit status
configure:15635: $? = 1
configure:15620: re-using the existing conftest.o
configure:15626: g++ -o conftest -g -O2    -L/usr/lib64 conftest.o -lboost_program_options-gcc-mt-d  >&5
/usr/bin/ld: cannot find -lboost_program_options-gcc-mt-d
collect2: error: ld returned 1 exit status
configure:15635: $? = 1
configure:15620: re-using the existing conftest.o
configure:15626: g++ -o conftest -g -O2    -L/usr/libexec conftest.o -lboost_program_options-gcc-mt-d  >&5
/usr/bin/ld: cannot find -lboost_program_options-gcc-mt-d
collect2: error: ld returned 1 exit status
configure:15635: $? = 1
configure:15620: re-using the existing conftest.o
configure:15626: g++ -o conftest -g -O2    conftest.o -lboost_program_options-gcc-mt-d  >&5
/usr/bin/ld: cannot find -lboost_program_options-gcc-mt-d
collect2: error: ld returned 1 exit status
configure:15635: $? = 1
configure:15620: re-using the existing conftest.o
configure:15626: g++ -o conftest -g -O2    -L/lib conftest.o -lboost_program_options-gcc-mt-d  >&5
/usr/bin/ld: cannot find -lboost_program_options-gcc-mt-d
collect2: error: ld returned 1 exit status
configure:15635: $? = 1
configure:15620: re-using the existing conftest.o
configure:15626: g++ -o conftest -g -O2    -L/lib64 conftest.o -lboost_program_options-gcc-mt-d  >&5
/usr/bin/ld: cannot find -lboost_program_options-gcc-mt-d
collect2: error: ld returned 1 exit status
configure:15635: $? = 1
configure:15620: re-using the existing conftest.o
configure:15626: g++ -o conftest -g -O2    conftest.o -lboost_program_options-gcc-d  >&5
/usr/bin/ld: cannot find -lboost_program_options-gcc-d
collect2: error: ld returned 1 exit status
configure:15635: $? = 1
configure:15620: re-using the existing conftest.o
configure:15626: g++ -o conftest -g -O2    -L/usr/local/lib conftest.o -lboost_program_options-gcc-d  >&5
/usr/bin/ld: cannot find -lboost_program_options-gcc-d
collect2: error: ld returned 1 exit status
configure:15635: $? = 1
configure:15620: re-using the existing conftest.o
configure:15626: g++ -o conftest -g -O2    -L/usr/local/lib64 conftest.o -lboost_program_options-gcc-d  >&5
/usr/bin/ld: cannot find -lboost_program_options-gcc-d
collect2: error: ld returned 1 exit status
configure:15635: $? = 1
configure:15620: re-using the existing conftest.o
configure:15626: g++ -o conftest -g -O2    -L/usr/local/libexec conftest.o -lboost_program_options-gcc-d  >&5
/usr/bin/ld: cannot find -lboost_program_options-gcc-d
collect2: error: ld returned 1 exit status
configure:15635: $? = 1
configure:15620: re-using the existing conftest.o
configure:15626: g++ -o conftest -g -O2    -L/usr/lib conftest.o -lboost_program_options-gcc-d  >&5
/usr/bin/ld: cannot find -lboost_program_options-gcc-d
collect2: error: ld returned 1 exit status
configure:15635: $? = 1
configure:15620: re-using the existing conftest.o
configure:15626: g++ -o conftest -g -O2    -L/usr/lib64 conftest.o -lboost_program_options-gcc-d  >&5
/usr/bin/ld: cannot find -lboost_program_options-gcc-d
collect2: error: ld returned 1 exit status
configure:15635: $? = 1
configure:15620: re-using the existing conftest.o
configure:15626: g++ -o conftest -g -O2    -L/usr/libexec conftest.o -lboost_program_options-gcc-d  >&5
/usr/bin/ld: cannot find -lboost_program_options-gcc-d
collect2: error: ld returned 1 exit status
configure:15635: $? = 1
configure:15620: re-using the existing conftest.o
configure:15626: g++ -o conftest -g -O2    conftest.o -lboost_program_options-gcc-d  >&5
/usr/bin/ld: cannot find -lboost_program_options-gcc-d
collect2: error: ld returned 1 exit status
configure:15635: $? = 1
configure:15620: re-using the existing conftest.o
configure:15626: g++ -o conftest -g -O2    -L/lib conftest.o -lboost_program_options-gcc-d  >&5
/usr/bin/ld: cannot find -lboost_program_options-gcc-d
collect2: error: ld returned 1 exit status
configure:15635: $? = 1
configure:15620: re-using the existing conftest.o
configure:15626: g++ -o conftest -g -O2    -L/lib64 conftest.o -lboost_program_options-gcc-d  >&5
/usr/bin/ld: cannot find -lboost_program_options-gcc-d
collect2: error: ld returned 1 exit status
configure:15635: $? = 1
configure:15620: re-using the existing conftest.o
configure:15626: g++ -o conftest -g -O2    conftest.o -lboost_program_options-mt-1_54  >&5
/usr/bin/ld: cannot find -lboost_program_options-mt-1_54
collect2: error: ld returned 1 exit status
configure:15635: $? = 1
configure:15620: re-using the existing conftest.o
configure:15626: g++ -o conftest -g -O2    -L/usr/local/lib conftest.o -lboost_program_options-mt-1_54  >&5
/usr/bin/ld: cannot find -lboost_program_options-mt-1_54
collect2: error: ld returned 1 exit status
configure:15635: $? = 1
configure:15620: re-using the existing conftest.o
configure:15626: g++ -o conftest -g -O2    -L/usr/local/lib64 conftest.o -lboost_program_options-mt-1_54  >&5
/usr/bin/ld: cannot find -lboost_program_options-mt-1_54
collect2: error: ld returned 1 exit status
configure:15635: $? = 1
configure:15620: re-using the existing conftest.o
configure:15626: g++ -o conftest -g -O2    -L/usr/local/libexec conftest.o -lboost_program_options-mt-1_54  >&5
/usr/bin/ld: cannot find -lboost_program_options-mt-1_54
collect2: error: ld returned 1 exit status
configure:15635: $? = 1
configure:15620: re-using the existing conftest.o
configure:15626: g++ -o conftest -g -O2    -L/usr/lib conftest.o -lboost_program_options-mt-1_54  >&5
/usr/bin/ld: cannot find -lboost_program_options-mt-1_54
collect2: error: ld returned 1 exit status
configure:15635: $? = 1
configure:15620: re-using the existing conftest.o
configure:15626: g++ -o conftest -g -O2    -L/usr/lib64 conftest.o -lboost_program_options-mt-1_54  >&5
/usr/bin/ld: cannot find -lboost_program_options-mt-1_54
collect2: error: ld returned 1 exit status
configure:15635: $? = 1
configure:15620: re-using the existing conftest.o
configure:15626: g++ -o conftest -g -O2    -L/usr/libexec conftest.o -lboost_program_options-mt-1_54  >&5
/usr/bin/ld: cannot find -lboost_program_options-mt-1_54
collect2: error: ld returned 1 exit status
configure:15635: $? = 1
configure:15620: re-using the existing conftest.o
configure:15626: g++ -o conftest -g -O2    conftest.o -lboost_program_options-mt-1_54  >&5
/usr/bin/ld: cannot find -lboost_program_options-mt-1_54
collect2: error: ld returned 1 exit status
configure:15635: $? = 1
configure:15620: re-using the existing conftest.o
configure:15626: g++ -o conftest -g -O2    -L/lib conftest.o -lboost_program_options-mt-1_54  >&5
/usr/bin/ld: cannot find -lboost_program_options-mt-1_54
collect2: error: ld returned 1 exit status
configure:15635: $? = 1
configure:15620: re-using the existing conftest.o
configure:15626: g++ -o conftest -g -O2    -L/lib64 conftest.o -lboost_program_options-mt-1_54  >&5
/usr/bin/ld: cannot find -lboost_program_options-mt-1_54
collect2: error: ld returned 1 exit status
configure:15635: $? = 1
configure:15620: re-using the existing conftest.o
configure:15626: g++ -o conftest -g -O2    conftest.o -lboost_program_options-1_54  >&5
/usr/bin/ld: cannot find -lboost_program_options-1_54
collect2: error: ld returned 1 exit status
configure:15635: $? = 1
configure:15620: re-using the existing conftest.o
configure:15626: g++ -o conftest -g -O2    -L/usr/local/lib conftest.o -lboost_program_options-1_54  >&5
/usr/bin/ld: cannot find -lboost_program_options-1_54
collect2: error: ld returned 1 exit status
configure:15635: $? = 1
configure:15620: re-using the existing conftest.o
configure:15626: g++ -o conftest -g -O2    -L/usr/local/lib64 conftest.o -lboost_program_options-1_54  >&5
/usr/bin/ld: cannot find -lboost_program_options-1_54
collect2: error: ld returned 1 exit status
configure:15635: $? = 1
configure:15620: re-using the existing conftest.o
configure:15626: g++ -o conftest -g -O2    -L/usr/local/libexec conftest.o -lboost_program_options-1_54  >&5
/usr/bin/ld: cannot find -lboost_program_options-1_54
collect2: error: ld returned 1 exit status
configure:15635: $? = 1
configure:15620: re-using the existing conftest.o
configure:15626: g++ -o conftest -g -O2    -L/usr/lib conftest.o -lboost_program_options-1_54  >&5
/usr/bin/ld: cannot find -lboost_program_options-1_54
collect2: error: ld returned 1 exit status
configure:15635: $? = 1
configure:15620: re-using the existing conftest.o
configure:15626: g++ -o conftest -g -O2    -L/usr/lib64 conftest.o -lboost_program_options-1_54  >&5
/usr/bin/ld: cannot find -lboost_program_options-1_54
collect2: error: ld returned 1 exit status
configure:15635: $? = 1
configure:15620: re-using the existing conftest.o
configure:15626: g++ -o conftest -g -O2    -L/usr/libexec conftest.o -lboost_program_options-1_54  >&5
/usr/bin/ld: cannot find -lboost_program_options-1_54
collect2: error: ld returned 1 exit status
configure:15635: $? = 1
configure:15620: re-using the existing conftest.o
configure:15626: g++ -o conftest -g -O2    conftest.o -lboost_program_options-1_54  >&5
/usr/bin/ld: cannot find -lboost_program_options-1_54
collect2: error: ld returned 1 exit status
configure:15635: $? = 1
configure:15620: re-using the existing conftest.o
configure:15626: g++ -o conftest -g -O2    -L/lib conftest.o -lboost_program_options-1_54  >&5
/usr/bin/ld: cannot find -lboost_program_options-1_54
collect2: error: ld returned 1 exit status
configure:15635: $? = 1
configure:15620: re-using the existing conftest.o
configure:15626: g++ -o conftest -g -O2    -L/lib64 conftest.o -lboost_program_options-1_54  >&5
/usr/bin/ld: cannot find -lboost_program_options-1_54
collect2: error: ld returned 1 exit status
configure:15635: $? = 1
configure:15620: re-using the existing conftest.o
configure:15626: g++ -o conftest -g -O2    conftest.o -lboost_program_options-mt-d-1_54  >&5
/usr/bin/ld: cannot find -lboost_program_options-mt-d-1_54
collect2: error: ld returned 1 exit status
configure:15635: $? = 1
configure:15620: re-using the existing conftest.o
configure:15626: g++ -o conftest -g -O2    -L/usr/local/lib conftest.o -lboost_program_options-mt-d-1_54  >&5
/usr/bin/ld: cannot find -lboost_program_options-mt-d-1_54
collect2: error: ld returned 1 exit status
configure:15635: $? = 1
configure:15620: re-using the existing conftest.o
configure:15626: g++ -o conftest -g -O2    -L/usr/local/lib64 conftest.o -lboost_program_options-mt-d-1_54  >&5
/usr/bin/ld: cannot find -lboost_program_options-mt-d-1_54
collect2: error: ld returned 1 exit status
configure:15635: $? = 1
configure:15620: re-using the existing conftest.o
configure:15626: g++ -o conftest -g -O2    -L/usr/local/libexec conftest.o -lboost_program_options-mt-d-1_54  >&5
/usr/bin/ld: cannot find -lboost_program_options-mt-d-1_54
collect2: error: ld returned 1 exit status
configure:15635: $? = 1
configure:15620: re-using the existing conftest.o
configure:15626: g++ -o conftest -g -O2    -L/usr/lib conftest.o -lboost_program_options-mt-d-1_54  >&5
/usr/bin/ld: cannot find -lboost_program_options-mt-d-1_54
collect2: error: ld returned 1 exit status
configure:15635: $? = 1
configure:15620: re-using the existing conftest.o
configure:15626: g++ -o conftest -g -O2    -L/usr/lib64 conftest.o -lboost_program_options-mt-d-1_54  >&5
/usr/bin/ld: cannot find -lboost_program_options-mt-d-1_54
collect2: error: ld returned 1 exit status
configure:15635: $? = 1
configure:15620: re-using the existing conftest.o
configure:15626: g++ -o conftest -g -O2    -L/usr/libexec conftest.o -lboost_program_options-mt-d-1_54  >&5
/usr/bin/ld: cannot find -lboost_program_options-mt-d-1_54
collect2: error: ld returned 1 exit status
configure:15635: $? = 1
configure:15620: re-using the existing conftest.o
configure:15626: g++ -o conftest -g -O2    conftest.o -lboost_program_options-mt-d-1_54  >&5
/usr/bin/ld: cannot find -lboost_program_options-mt-d-1_54
collect2: error: ld returned 1 exit status
configure:15635: $? = 1
configure:15620: re-using the existing conftest.o
configure:15626: g++ -o conftest -g -O2    -L/lib conftest.o -lboost_program_options-mt-d-1_54  >&5
/usr/bin/ld: cannot find -lboost_program_options-mt-d-1_54
collect2: error: ld returned 1 exit status
configure:15635: $? = 1
configure:15620: re-using the existing conftest.o
configure:15626: g++ -o conftest -g -O2    -L/lib64 conftest.o -lboost_program_options-mt-d-1_54  >&5
/usr/bin/ld: cannot find -lboost_program_options-mt-d-1_54
collect2: error: ld returned 1 exit status
configure:15635: $? = 1
configure:15620: re-using the existing conftest.o
configure:15626: g++ -o conftest -g -O2    conftest.o -lboost_program_options-d-1_54  >&5
/usr/bin/ld: cannot find -lboost_program_options-d-1_54
collect2: error: ld returned 1 exit status
configure:15635: $? = 1
configure:15620: re-using the existing conftest.o
configure:15626: g++ -o conftest -g -O2    -L/usr/local/lib conftest.o -lboost_program_options-d-1_54  >&5
/usr/bin/ld: cannot find -lboost_program_options-d-1_54
collect2: error: ld returned 1 exit status
configure:15635: $? = 1
configure:15620: re-using the existing conftest.o
configure:15626: g++ -o conftest -g -O2    -L/usr/local/lib64 conftest.o -lboost_program_options-d-1_54  >&5
/usr/bin/ld: cannot find -lboost_program_options-d-1_54
collect2: error: ld returned 1 exit status
configure:15635: $? = 1
configure:15620: re-using the existing conftest.o
configure:15626: g++ -o conftest -g -O2    -L/usr/local/libexec conftest.o -lboost_program_options-d-1_54  >&5
/usr/bin/ld: cannot find -lboost_program_options-d-1_54
collect2: error: ld returned 1 exit status
configure:15635: $? = 1
configure:15620: re-using the existing conftest.o
configure:15626: g++ -o conftest -g -O2    -L/usr/lib conftest.o -lboost_program_options-d-1_54  >&5
/usr/bin/ld: cannot find -lboost_program_options-d-1_54
collect2: error: ld returned 1 exit status
configure:15635: $? = 1
configure:15620: re-using the existing conftest.o
configure:15626: g++ -o conftest -g -O2    -L/usr/lib64 conftest.o -lboost_program_options-d-1_54  >&5
/usr/bin/ld: cannot find -lboost_program_options-d-1_54
collect2: error: ld returned 1 exit status
configure:15635: $? = 1
configure:15620: re-using the existing conftest.o
configure:15626: g++ -o conftest -g -O2    -L/usr/libexec conftest.o -lboost_program_options-d-1_54  >&5
/usr/bin/ld: cannot find -lboost_program_options-d-1_54
collect2: error: ld returned 1 exit status
configure:15635: $? = 1
configure:15620: re-using the existing conftest.o
configure:15626: g++ -o conftest -g -O2    conftest.o -lboost_program_options-d-1_54  >&5
/usr/bin/ld: cannot find -lboost_program_options-d-1_54
collect2: error: ld returned 1 exit status
configure:15635: $? = 1
configure:15620: re-using the existing conftest.o
configure:15626: g++ -o conftest -g -O2    -L/lib conftest.o -lboost_program_options-d-1_54  >&5
/usr/bin/ld: cannot find -lboost_program_options-d-1_54
collect2: error: ld returned 1 exit status
configure:15635: $? = 1
configure:15620: re-using the existing conftest.o
configure:15626: g++ -o conftest -g -O2    -L/lib64 conftest.o -lboost_program_options-d-1_54  >&5
/usr/bin/ld: cannot find -lboost_program_options-d-1_54
collect2: error: ld returned 1 exit status
configure:15635: $? = 1
configure:15620: re-using the existing conftest.o
configure:15626: g++ -o conftest -g -O2    conftest.o -lboost_program_options-mt  >&5
/usr/bin/ld: cannot find -lboost_program_options-mt
collect2: error: ld returned 1 exit status
configure:15635: $? = 1
configure:15620: re-using the existing conftest.o
configure:15626: g++ -o conftest -g -O2    -L/usr/local/lib conftest.o -lboost_program_options-mt  >&5
/usr/bin/ld: cannot find -lboost_program_options-mt
collect2: error: ld returned 1 exit status
configure:15635: $? = 1
configure:15620: re-using the existing conftest.o
configure:15626: g++ -o conftest -g -O2    -L/usr/local/lib64 conftest.o -lboost_program_options-mt  >&5
/usr/bin/ld: cannot find -lboost_program_options-mt
collect2: error: ld returned 1 exit status
configure:15635: $? = 1
configure:15620: re-using the existing conftest.o
configure:15626: g++ -o conftest -g -O2    -L/usr/local/libexec conftest.o -lboost_program_options-mt  >&5
/usr/bin/ld: cannot find -lboost_program_options-mt
collect2: error: ld returned 1 exit status
configure:15635: $? = 1
configure:15620: re-using the existing conftest.o
configure:15626: g++ -o conftest -g -O2    -L/usr/lib conftest.o -lboost_program_options-mt  >&5
/usr/bin/ld: cannot find -lboost_program_options-mt
collect2: error: ld returned 1 exit status
configure:15635: $? = 1
configure:15620: re-using the existing conftest.o
configure:15626: g++ -o conftest -g -O2    -L/usr/lib64 conftest.o -lboost_program_options-mt  >&5
/usr/bin/ld: cannot find -lboost_program_options-mt
collect2: error: ld returned 1 exit status
configure:15635: $? = 1
configure:15620: re-using the existing conftest.o
configure:15626: g++ -o conftest -g -O2    -L/usr/libexec conftest.o -lboost_program_options-mt  >&5
/usr/bin/ld: cannot find -lboost_program_options-mt
collect2: error: ld returned 1 exit status
configure:15635: $? = 1
configure:15620: re-using the existing conftest.o
configure:15626: g++ -o conftest -g -O2    conftest.o -lboost_program_options-mt  >&5
/usr/bin/ld: cannot find -lboost_program_options-mt
collect2: error: ld returned 1 exit status
configure:15635: $? = 1
configure:15620: re-using the existing conftest.o
configure:15626: g++ -o conftest -g -O2    -L/lib conftest.o -lboost_program_options-mt  >&5
/usr/bin/ld: cannot find -lboost_program_options-mt
collect2: error: ld returned 1 exit status
configure:15635: $? = 1
configure:15620: re-using the existing conftest.o
configure:15626: g++ -o conftest -g -O2    -L/lib64 conftest.o -lboost_program_options-mt  >&5
/usr/bin/ld: cannot find -lboost_program_options-mt
collect2: error: ld returned 1 exit status
configure:15635: $? = 1
configure:15620: re-using the existing conftest.o
configure:15626: g++ -o conftest -g -O2    conftest.o -lboost_program_options  >&5
configure:15635: $? = 0
configure:15746: result: yes
configure:15771: checking glm/glm.hpp usability
configure:15771: g++ -c -g -O2  conftest.cpp >&5
configure:15771: $? = 0
configure:15771: result: yes
configure:15771: checking glm/glm.hpp presence
configure:15771: g++ -E  conftest.cpp
configure:15771: $? = 0
configure:15771: result: yes
configure:15771: checking for glm/glm.hpp
configure:15771: result: yes
configure:15835: checking for pkg-config
configure:15853: found /usr/bin/pkg-config
configure:15865: result: /usr/bin/pkg-config
configure:15890: checking pkg-config is at least version 0.9.0
configure:15893: result: yes
configure:15903: checking for gl
configure:15910: $PKG_CONFIG --exists --print-errors "gl"
configure:15913: $? = 0
configure:15927: $PKG_CONFIG --exists --print-errors "gl"
configure:15930: $? = 0
configure:15988: result: yes
configure:15994: checking for glew
configure:16001: $PKG_CONFIG --exists --print-errors "glew"
configure:16004: $? = 0
configure:16018: $PKG_CONFIG --exists --print-errors "glew"
configure:16021: $? = 0
configure:16079: result: yes
configure:16085: checking for sdl2
configure:16092: $PKG_CONFIG --exists --print-errors "sdl2"
configure:16095: $? = 0
configure:16109: $PKG_CONFIG --exists --print-errors "sdl2"
configure:16112: $? = 0
configure:16170: result: yes
configure:16286: checking that generated files are newer than configure
configure:16292: result: done
configure:16319: creating ./config.status

## ---------------------- ##
## Running config.status. ##
## ---------------------- ##

This file was extended by ShaderExamples config.status 0.1, which was
generated by GNU Autoconf 2.69.  Invocation command line was

  CONFIG_FILES    = 
  CONFIG_HEADERS  = 
  CONFIG_LINKS    = 
  CONFIG_COMMANDS = 
  $ ./config.status 

on localhost.localdomain

config.status:1163: creating Makefile
config.status:1163: creating src/Makefile
config.status:1163: creating shaders/Makefile
config.status:1163: creating config.h
config.status:1392: executing depfiles commands
config.status:1392: executing libtool commands

## ---------------- ##
## Cache variables. ##
## ---------------- ##

ac_cv_build=x86_64-unknown-linux-gnu
ac_cv_c_compiler_gnu=yes
ac_cv_cxx_compiler_gnu=yes
ac_cv_env_BOOST_ROOT_set=
ac_cv_env_BOOST_ROOT_value=
ac_cv_env_CCC_set=
ac_cv_env_CCC_value=
ac_cv_env_CC_set=
ac_cv_env_CC_value=
ac_cv_env_CFLAGS_set=
ac_cv_env_CFLAGS_value=
ac_cv_env_CPPFLAGS_set=
ac_cv_env_CPPFLAGS_value=
ac_cv_env_CPP_set=
ac_cv_env_CPP_value=
ac_cv_env_CXXCPP_set=
ac_cv_env_CXXCPP_value=
ac_cv_env_CXXFLAGS_set=
ac_cv_env_CXXFLAGS_value=
ac_cv_env_CXX_set=
ac_cv_env_CXX_value=
ac_cv_env_LDFLAGS_set=
ac_cv_env_LDFLAGS_value=
ac_cv_env_LIBS_set=
ac_cv_env_LIBS_value=
ac_cv_env_PKG_CONFIG_LIBDIR_set=
ac_cv_env_PKG_CONFIG_LIBDIR_value=
ac_cv_env_PKG_CONFIG_PATH_set=
ac_cv_env_PKG_CONFIG_PATH_value=
ac_cv_env_PKG_CONFIG_set=
ac_cv_env_PKG_CONFIG_value=
ac_cv_env_build_alias_set=
ac_cv_env_build_alias_value=
ac_cv_env_gl_CFLAGS_set=
ac_cv_env_gl_CFLAGS_value=
ac_cv_env_gl_LIBS_set=
ac_cv_env_gl_LIBS_value=
ac_cv_env_glew_CFLAGS_set=
ac_cv_env_glew_CFLAGS_value=
ac_cv_env_glew_LIBS_set=
ac_cv_env_glew_LIBS_value=
ac_cv_env_host_alias_set=
ac_cv_env_host_alias_value=
ac_cv_env_sdl2_CFLAGS_set=
ac_cv_env_sdl2_CFLAGS_value=
ac_cv_env_sdl2_LIBS_set=
ac_cv_env_sdl2_LIBS_value=
ac_cv_env_target_alias_set=
ac_cv_env_target_alias_value=
ac_cv_header_boost_program_options_hpp=yes
ac_cv_header_dlfcn_h=yes
ac_cv_header_glm_glm_hpp=yes
ac_cv_header_inttypes_h=yes
ac_cv_header_memory_h=yes
ac_cv_header_stdc=yes
ac_cv_header_stdint_h=yes
ac_cv_header_stdlib_h=yes
ac_cv_header_string_h=yes
ac_cv_header_strings_h=yes
ac_cv_header_sys_stat_h=yes
ac_cv_header_sys_types_h=yes
ac_cv_header_unistd_h=yes
ac_cv_host=x86_64-unknown-linux-gnu
ac_cv_objext=o
ac_cv_path_EGREP='/usr/bin/grep -E'
ac_cv_path_FGREP='/usr/bin/grep -F'
ac_cv_path_GREP=/usr/bin/grep
ac_cv_path_SED=/usr/bin/sed
ac_cv_path_ac_pt_PKG_CONFIG=/usr/bin/pkg-config
ac_cv_path_install='/usr/bin/install -c'
ac_cv_path_mkdir=/usr/bin/mkdir
ac_cv_prog_AWK=gawk
ac_cv_prog_CPP='gcc -E'
ac_cv_prog_CXXCPP='g++ -E'
ac_cv_prog_ac_ct_AR=ar
ac_cv_prog_ac_ct_CC=gcc
ac_cv_prog_ac_ct_CXX=g++
ac_cv_prog_ac_ct_OBJDUMP=objdump
ac_cv_prog_ac_ct_RANLIB=ranlib
ac_cv_prog_ac_ct_STRIP=strip
ac_cv_prog_cc_c89=
ac_cv_prog_cc_g=yes
ac_cv_prog_cxx_g=yes
ac_cv_prog_make_make_set=yes
am_cv_CC_dependencies_compiler_type=gcc3
am_cv_CXX_dependencies_compiler_type=gcc3
am_cv_make_support_nested_variables=yes
boost_cv_inc_path=yes
boost_cv_lib_program_options=yes
boost_cv_lib_program_options_LDPATH=
boost_cv_lib_program_options_LIBS=-lboost_program_options
boost_cv_lib_tag='gcc48 -gcc'
boost_cv_lib_version=1_54
boost_cv_rpath_link_ldflag=
lt_cv_ar_at_file=@
lt_cv_archive_cmds_need_lc=no
lt_cv_deplibs_check_method=pass_all
lt_cv_file_magic_cmd='$MAGIC_CMD'
lt_cv_file_magic_test_file=
lt_cv_ld_reload_flag=-r
lt_cv_nm_interface='BSD nm'
lt_cv_objdir=.libs
lt_cv_path_LD=/usr/bin/ld
lt_cv_path_LDCXX='/usr/bin/ld -m elf_x86_64'
lt_cv_path_NM='/usr/bin/nm -B'
lt_cv_path_mainfest_tool=no
lt_cv_prog_compiler_c_o=yes
lt_cv_prog_compiler_c_o_CXX=yes
lt_cv_prog_compiler_pic='-fPIC -DPIC'
lt_cv_prog_compiler_pic_CXX='-fPIC -DPIC'
lt_cv_prog_compiler_pic_works=yes
lt_cv_prog_compiler_pic_works_CXX=yes
lt_cv_prog_compiler_rtti_exceptions=no
lt_cv_prog_compiler_static_works=no
lt_cv_prog_compiler_static_works_CXX=no
lt_cv_prog_gnu_ld=yes
lt_cv_prog_gnu_ldcxx=yes
lt_cv_sharedlib_from_linklib_cmd='printf %s\n'
lt_cv_shlibpath_overrides_runpath=no
lt_cv_sys_global_symbol_pipe='sed -n -e '\''s/^.*[	 ]\([ABCDGIRSTW][ABCDGIRSTW]*\)[	 ][	 ]*\([_A-Za-z][_A-Za-z0-9]*\)$/\1 \2 \2/p'\'' | sed '\''/ __gnu_lto/d'\'''
lt_cv_sys_global_symbol_to_c_name_address='sed -n -e '\''s/^: \([^ ]*\)[ ]*$/  {\"\1\", (void *) 0},/p'\'' -e '\''s/^[ABCDGIRSTW]* \([^ ]*\) \([^ ]*\)$/  {"\2", (void *) \&\2},/p'\'''
lt_cv_sys_global_symbol_to_c_name_address_lib_prefix='sed -n -e '\''s/^: \([^ ]*\)[ ]*$/  {\"\1\", (void *) 0},/p'\'' -e '\''s/^[ABCDGIRSTW]* \([^ ]*\) \(lib[^ ]*\)$/  {"\2", (void *) \&\2},/p'\'' -e '\''s/^[ABCDGIRSTW]* \([^ ]*\) \([^ ]*\)$/  {"lib\2", (void *) \&\2},/p'\'''
lt_cv_sys_global_symbol_to_cdecl='sed -n -e '\''s/^T .* \(.*\)$/extern int \1();/p'\'' -e '\''s/^[ABCDGIRSTW]* .* \(.*\)$/extern char \1;/p'\'''
lt_cv_sys_max_cmd_len=1572864
lt_cv_to_host_file_cmd=func_convert_file_noop
lt_cv_to_tool_file_cmd=func_convert_file_noop
pkg_cv_gl_CFLAGS='-I/usr/include/libdrm '
pkg_cv_gl_LIBS='-lGL '
pkg_cv_glew_CFLAGS='-I/usr/include/GL '
pkg_cv_glew_LIBS='-lGLEW '
pkg_cv_sdl2_CFLAGS='-D_REENTRANT -I/usr/include/SDL2 '
pkg_cv_sdl2_LIBS='-lSDL2 -lpthread '

## ----------------- ##
## Output variables. ##
## ----------------- ##

ACLOCAL='${SHELL} /home/nathan/glex/missing aclocal-1.13'
AMDEPBACKSLASH='\'
AMDEP_FALSE='#'
AMDEP_TRUE=''
AMTAR='$${TAR-tar}'
AM_BACKSLASH='\'
AM_DEFAULT_V='$(AM_DEFAULT_VERBOSITY)'
AM_DEFAULT_VERBOSITY='1'
AM_V='$(V)'
AR='ar'
AUTOCONF='${SHELL} /home/nathan/glex/missing autoconf'
AUTOHEADER='${SHELL} /home/nathan/glex/missing autoheader'
AUTOMAKE='${SHELL} /home/nathan/glex/missing automake-1.13'
AWK='gawk'
BOOST_CPPFLAGS=''
BOOST_LDPATH=''
BOOST_PROGRAM_OPTIONS_LDFLAGS=''
BOOST_PROGRAM_OPTIONS_LDPATH=''
BOOST_PROGRAM_OPTIONS_LIBS='-lboost_program_options'
BOOST_ROOT=''
CC='gcc'
CCDEPMODE='depmode=gcc3'
CFLAGS='-g -O2'
CPP='gcc -E'
CPPFLAGS=''
CXX='g++'
CXXCPP='g++ -E'
CXXDEPMODE='depmode=gcc3'
CXXFLAGS='-g -O2'
CYGPATH_W='echo'
DEFS='-DHAVE_CONFIG_H'
DEPDIR='.deps'
DISTCHECK_CONFIGURE_FLAGS=' '\''--with-boost='\'''
DLLTOOL='false'
DSYMUTIL=''
DUMPBIN=''
ECHO_C=''
ECHO_N='-n'
ECHO_T=''
EGREP='/usr/bin/grep -E'
EXEEXT=''
FGREP='/usr/bin/grep -F'
GREP='/usr/bin/grep'
INSTALL_DATA='${INSTALL} -m 644'
INSTALL_PROGRAM='${INSTALL}'
INSTALL_SCRIPT='${INSTALL}'
INSTALL_STRIP_PROGRAM='$(install_sh) -c -s'
LD='/usr/bin/ld -m elf_x86_64'
LDFLAGS=''
LIBOBJS=''
LIBS=''
LIBTOOL='$(SHELL) $(top_builddir)/libtool'
LIPO=''
LN_S='ln -s'
LTLIBOBJS=''
MAKEINFO='${SHELL} /home/nathan/glex/missing makeinfo'
MANIFEST_TOOL=':'
MKDIR_P='/usr/bin/mkdir -p'
NM='/usr/bin/nm -B'
NMEDIT=''
OBJDUMP='objdump'
OBJEXT='o'
OTOOL64=''
OTOOL=''
PACKAGE='shaderexamples'
PACKAGE_BUGREPORT=''
PACKAGE_NAME='ShaderExamples'
PACKAGE_STRING='ShaderExamples 0.1'
PACKAGE_TARNAME='shaderexamples'
PACKAGE_URL=''
PACKAGE_VERSION='0.1'
PATH_SEPARATOR=':'
PKG_CONFIG='/usr/bin/pkg-config'
PKG_CONFIG_LIBDIR=''
PKG_CONFIG_PATH=''
RANLIB='ranlib'
SED='/usr/bin/sed'
SET_MAKE=''
SHELL='/bin/sh'
STRIP='strip'
VERSION='0.1'
ac_ct_AR='ar'
ac_ct_CC='gcc'
ac_ct_CXX='g++'
ac_ct_DUMPBIN=''
am__EXEEXT_FALSE=''
am__EXEEXT_TRUE='#'
am__fastdepCC_FALSE='#'
am__fastdepCC_TRUE=''
am__fastdepCXX_FALSE='#'
am__fastdepCXX_TRUE=''
am__include='include'
am__isrc=''
am__leading_dot='.'
am__nodep='_no'
am__quote=''
am__tar='$${TAR-tar} chof - "$$tardir"'
am__untar='$${TAR-tar} xf -'
bindir='${exec_prefix}/bin'
build='x86_64-unknown-linux-gnu'
build_alias=''
build_cpu='x86_64'
build_os='linux-gnu'
build_vendor='unknown'
datadir='${datarootdir}'
datarootdir='${prefix}/share'
docdir='${datarootdir}/doc/${PACKAGE_TARNAME}'
dvidir='${docdir}'
exec_prefix='${prefix}'
gl_CFLAGS='-I/usr/include/libdrm '
gl_LIBS='-lGL '
glew_CFLAGS='-I/usr/include/GL '
glew_LIBS='-lGLEW '
host='x86_64-unknown-linux-gnu'
host_alias=''
host_cpu='x86_64'
host_os='linux-gnu'
host_vendor='unknown'
htmldir='${docdir}'
includedir='${prefix}/include'
infodir='${datarootdir}/info'
install_sh='${SHELL} /home/nathan/glex/install-sh'
libdir='${exec_prefix}/lib'
libexecdir='${exec_prefix}/libexec'
localedir='${datarootdir}/locale'
localstatedir='${prefix}/var'
mandir='${datarootdir}/man'
mkdir_p='$(MKDIR_P)'
oldincludedir='/usr/include'
pdfdir='${docdir}'
prefix='/usr/local'
program_transform_name='s,x,x,'
psdir='${docdir}'
sbindir='${exec_prefix}/sbin'
sdl2_CFLAGS='-D_REENTRANT -I/usr/include/SDL2 '
sdl2_LIBS='-lSDL2 -lpthread '
sharedstatedir='${prefix}/com'
sysconfdir='${prefix}/etc'
target_alias=''

## ----------- ##
## confdefs.h. ##
## ----------- ##

/* confdefs.h */
#define PACKAGE_NAME "ShaderExamples"
#define PACKAGE_TARNAME "shaderexamples"
#define PACKAGE_VERSION "0.1"
#define PACKAGE_STRING "ShaderExamples 0.1"
#define PACKAGE_BUGREPORT ""
#define PACKAGE_URL ""
#define PACKAGE "shaderexamples"
#define VERSION "0.1"
#define STDC_HEADERS 1
#define HAVE_SYS_TYPES_H 1
#define HAVE_SYS_STAT_H 1
#define HAVE_STDLIB_H 1
#define HAVE_STRING_H 1
#define HAVE_MEMORY_H 1
#define HAVE_STRINGS_H 1
#define HAVE_INTTYPES_H 1
#define HAVE_STDINT_H 1
#define HAVE_UNISTD_H 1
#define HAVE_DLFCN_H 1
#define LT_OBJDIR ".libs/"
#define HAVE_BOOST 1
#define HAVE_BOOST_PROGRAM_OPTIONS_HPP 1

configure: exit 0
